#
# There is insufficient memory for the Java Runtime Environment to continue.
# Native memory allocation (mmap) failed to map 37748736 bytes for G1 virtual space
# Possible reasons:
#   The system is out of physical RAM or swap space
#   The process is running with CompressedOops enabled, and the Java Heap may be blocking the growth of the native heap
# Possible solutions:
#   Reduce memory load on the system
#   Increase physical memory or swap space
#   Check if swap backing store is full
#   Decrease Java heap size (-Xmx/-Xms)
#   Decrease number of Java threads
#   Decrease Java thread stack sizes (-Xss)
#   Set larger code cache with -XX:ReservedCodeCacheSize=
#   JVM is running with Zero Based Compressed Oops mode in which the Java heap is
#     placed in the first 32GB address space. The Java Heap base address is the
#     maximum limit for the native heap growth. Please use -XX:HeapBaseMinAddress
#     to set the Java Heap base and to place the Java Heap above 32GB virtual address.
# This output file may be truncated or incomplete.
#
#  Out of Memory Error (./open/src/hotspot/os/windows/os_windows.cpp:3472), pid=17048, tid=16036
#
# JRE version: Java(TM) SE Runtime Environment (15.0+36) (build 15+36-1562)
# Java VM: Java HotSpot(TM) 64-Bit Server VM (15+36-1562, mixed mode, sharing, tiered, compressed oops, g1 gc, windows-amd64)
# No core dump will be written. Minidumps are not enabled by default on client versions of Windows
#

---------------  S U M M A R Y ------------

Command Line: --add-opens=java.base/java.util=ALL-UNNAMED --add-opens=java.base/java.lang=ALL-UNNAMED --add-opens=java.base/java.lang.invoke=ALL-UNNAMED --add-opens=java.base/java.util=ALL-UNNAMED --add-opens=java.prefs/java.util.prefs=ALL-UNNAMED --add-opens=java.prefs/java.util.prefs=ALL-UNNAMED --add-opens=java.base/java.nio.charset=ALL-UNNAMED --add-opens=java.base/java.net=ALL-UNNAMED --add-opens=java.base/java.util.concurrent.atomic=ALL-UNNAMED -Xmx2048m -Dfile.encoding=UTF-8 -Duser.country=RU -Duser.language=ru -Duser.variant -Xmx8G org.gradle.launcher.daemon.bootstrap.GradleDaemon 7.5

Host: AMD Ryzen 5 3550H with Radeon Vega Mobile Gfx  , 8 cores, 15G,  Windows 10 , 64 bit Build 22621 (10.0.22621.1778)
Time: Wed Jun 21 11:53:56 2023 Финляндия (лето) elapsed time: 7318.972704 seconds (0d 2h 1m 58s)

---------------  T H R E A D  ---------------

Current thread (0x00000211b6796a20):  VMThread "VM Thread" [stack: 0x000000d5ec600000,0x000000d5ec700000] [id=16036]

Stack: [0x000000d5ec600000,0x000000d5ec700000]
[error occurred during error reporting (printing stack bounds), id 0xc0000005, EXCEPTION_ACCESS_VIOLATION (0xc0000005) at pc=0x00000211919f10ad]

Native frames: (J=compiled Java code, j=interpreted, Vv=VM code, C=native code)
V  [jvm.dll+0x629eaa]
V  [jvm.dll+0x780379]
V  [jvm.dll+0x781ad3]
V  [jvm.dll+0x782095]
V  [jvm.dll+0x78204b]
V  [jvm.dll+0x629379]
V  [jvm.dll+0x629b48]
C  [ntdll.dll+0xa3cff]
C  [ntdll.dll+0x1e456]
C  [ntdll.dll+0xa2cee]
C  0x00000211919f10ad

VM_Operation (0x000000d5ec2ff660): G1Concurrent, mode: safepoint, requested by thread 0x000002118984e5b0


---------------  P R O C E S S  ---------------

Threads class SMR info:
_java_thread_list=0x00000211b97bb970, length=148, elements={
0x00000211897ca7b0, 0x00000211b679add0, 0x00000211b679dcc0, 0x00000211b67bca50,
0x00000211b67bd310, 0x00000211b70d2090, 0x00000211b70d4ae0, 0x00000211b70de810,
0x00000211b710cf60, 0x00000211b722c880, 0x00000211b726d140, 0x00000211b9df5080,
0x00000211b9df2060, 0x00000211b9df46e0, 0x00000211b9df4bb0, 0x00000211b8c60bd0,
0x00000211b8c5f890, 0x00000211bd143d00, 0x00000211bd140340, 0x00000211bd146d20,
0x00000211bd13fe70, 0x00000211bd144b70, 0x00000211bd1471f0, 0x00000211bd143830,
0x00000211bd1441d0, 0x00000211bd145040, 0x00000211bd1446a0, 0x00000211bd1476c0,
0x00000211bd1424f0, 0x00000211bbadb330, 0x00000211b9ba8b20, 0x00000211ba758e70,
0x00000211ba84fd00, 0x00000211c2aa6e10, 0x00000211c2aa3df0, 0x00000211c2aa12a0,
0x00000211c2aa1c40, 0x00000211c2aa1770, 0x00000211c2aa2f80, 0x00000211c2aa5fa0,
0x00000211c2aa5600, 0x00000211c2aa42c0, 0x00000211c2aa72e0, 0x00000211c2aa3920,
0x00000211c2aa3450, 0x00000211ca5ac580, 0x00000211c2aa4790, 0x00000211c2aa77b0,
0x00000211c2aa5ad0, 0x00000211c2aa6940, 0x00000211c2aa7c80, 0x00000211c2aa8150,
0x00000211c2aa2110, 0x00000211c2aa8620, 0x00000211c2aa25e0, 0x00000211c2aa0dd0,
0x00000211c2aa2ab0, 0x00000211ba84e020, 0x00000211ba84e4f0, 0x00000211ba851510,
0x00000211ba852380, 0x00000211ba84e9c0, 0x00000211ba8519e0, 0x00000211ba8553a0,
0x00000211ba8506a0, 0x00000211ba8536c0, 0x00000211ba852d20, 0x00000211ba854060,
0x00000211ba853b90, 0x00000211ba84ee90, 0x00000211ba84f830, 0x00000211ba852850,
0x00000211ba8501d0, 0x00000211ba850b70, 0x00000211ba854a00, 0x00000211ba84f360,
0x00000211ba855870, 0x00000211ba851eb0, 0x00000211ba854ed0, 0x00000211ba8531f0,
0x00000211ba854530, 0x00000211ba851040, 0x00000211ba75e040, 0x00000211ba759340,
0x00000211ba759ce0, 0x00000211ba75c360, 0x00000211ba75cd00, 0x00000211ba75d6a0,
0x00000211ba75a680, 0x00000211ba75e510, 0x00000211ba75e9e0, 0x00000211ba75ab50,
0x00000211ba75be90, 0x00000211ba757b30, 0x00000211ba7584d0, 0x00000211ba75b020,
0x00000211ba75b4f0, 0x00000211ba7589a0, 0x00000211ba75b9c0, 0x00000211b8d86b10,
0x00000211b8d84e30, 0x00000211b8d87e50, 0x00000211b8d88320, 0x00000211b8d89190,
0x00000211b8d89660, 0x00000211b8d84490, 0x00000211b8d82c80, 0x00000211b8d83af0,
0x00000211b8d83150, 0x00000211b8d86fe0, 0x00000211b8d83620, 0x00000211b8d85300,
0x00000211b8d85ca0, 0x00000211bbadd9b0, 0x00000211bbada4c0, 0x00000211bbadecf0,
0x00000211bbada990, 0x00000211bbadc670, 0x00000211bbadbcd0, 0x00000211bbadde80,
0x00000211bbadf1c0, 0x00000211bbad8310, 0x00000211bbad9650, 0x00000211bbadc1a0,
0x00000211bbade350, 0x00000211bbade820, 0x00000211bbad8cb0, 0x00000211bbad9b20,
0x00000211b9ba5160, 0x00000211b9ba6970, 0x00000211b9ba5630, 0x00000211b9ba5b00,
0x00000211b9ba5fd0, 0x00000211b9df5a20, 0x00000211b9df2a00, 0x00000211b9df3870,
0x00000211b9df2ed0, 0x00000211b9df33a0, 0x00000211b9df4210, 0x00000211b7c97420,
0x00000211b7c9c5f0, 0x00000211ca5aa720, 0x00000211b7c9cac0, 0x00000211b7c9d460,
0x00000211b7c99f70, 0x00000211b7c965b0, 0x00000211b7c9b780, 0x00000211c10207c0
}

Java Threads: ( => current thread )
  0x00000211897ca7b0 JavaThread "main" [_thread_blocked, id=26000, stack(0x000000d5ec000000,0x000000d5ec100000)]
  0x00000211b679add0 JavaThread "Reference Handler" daemon [_thread_blocked, id=26324, stack(0x000000d5ec700000,0x000000d5ec800000)]
  0x00000211b679dcc0 JavaThread "Finalizer" daemon [_thread_blocked, id=10292, stack(0x000000d5ec800000,0x000000d5ec900000)]
  0x00000211b67bca50 JavaThread "Signal Dispatcher" daemon [_thread_blocked, id=6924, stack(0x000000d5ec900000,0x000000d5eca00000)]
  0x00000211b67bd310 JavaThread "Attach Listener" daemon [_thread_blocked, id=20400, stack(0x000000d5eca00000,0x000000d5ecb00000)]
  0x00000211b70d2090 JavaThread "Service Thread" daemon [_thread_blocked, id=26116, stack(0x000000d5ecb00000,0x000000d5ecc00000)]
  0x00000211b70d4ae0 JavaThread "C2 CompilerThread0" daemon [_thread_blocked, id=20792, stack(0x000000d5ecc00000,0x000000d5ecd00000)]
  0x00000211b70de810 JavaThread "C1 CompilerThread0" daemon [_thread_blocked, id=22220, stack(0x000000d5ecd00000,0x000000d5ece00000)]
  0x00000211b710cf60 JavaThread "Sweeper thread" daemon [_thread_blocked, id=17100, stack(0x000000d5ece00000,0x000000d5ecf00000)]
  0x00000211b722c880 JavaThread "Common-Cleaner" daemon [_thread_blocked, id=21552, stack(0x000000d5ecf00000,0x000000d5ed000000)]
  0x00000211b726d140 JavaThread "Notification Thread" daemon [_thread_blocked, id=18984, stack(0x000000d5ed000000,0x000000d5ed100000)]
  0x00000211b9df5080 JavaThread "Daemon health stats" [_thread_blocked, id=8260, stack(0x000000d5ed800000,0x000000d5ed900000)]
  0x00000211b9df2060 JavaThread "Incoming local TCP Connector on port 65292" [_thread_in_native, id=22936, stack(0x000000d5ed200000,0x000000d5ed300000)]
  0x00000211b9df46e0 JavaThread "Daemon periodic checks" [_thread_blocked, id=2388, stack(0x000000d5ed300000,0x000000d5ed400000)]
  0x00000211b9df4bb0 JavaThread "Cache worker for journal cache (C:\Users\Asus\.gradle\caches\journal-1)" [_thread_blocked, id=25604, stack(0x000000d5ee000000,0x000000d5ee100000)]
  0x00000211b8c60bd0 JavaThread "File lock request listener" [_thread_in_native, id=9912, stack(0x000000d5ee400000,0x000000d5ee500000)]
  0x00000211b8c5f890 JavaThread "Cache worker for file hash cache (C:\Users\Asus\.gradle\caches\7.5\fileHashes)" [_thread_blocked, id=8924, stack(0x000000d5ee500000,0x000000d5ee600000)]
  0x00000211bd143d00 JavaThread "File watcher server" daemon [_thread_blocked, id=20160, stack(0x000000d5ee800000,0x000000d5ee900000)]
  0x00000211bd140340 JavaThread "File watcher consumer" daemon [_thread_blocked, id=11232, stack(0x000000d5ee900000,0x000000d5eea00000)]
  0x00000211bd146d20 JavaThread "jar transforms" [_thread_blocked, id=16516, stack(0x000000d5eea00000,0x000000d5eeb00000)]
  0x00000211bd13fe70 JavaThread "jar transforms Thread 2" [_thread_blocked, id=23408, stack(0x000000d5eeb00000,0x000000d5eec00000)]
  0x00000211bd144b70 JavaThread "jar transforms Thread 3" [_thread_blocked, id=22808, stack(0x000000d5eec00000,0x000000d5eed00000)]
  0x00000211bd1471f0 JavaThread "jar transforms Thread 4" [_thread_blocked, id=24112, stack(0x000000d5eed00000,0x000000d5eee00000)]
  0x00000211bd143830 JavaThread "jar transforms Thread 5" [_thread_blocked, id=23068, stack(0x000000d5eee00000,0x000000d5eef00000)]
  0x00000211bd1441d0 JavaThread "jar transforms Thread 6" [_thread_blocked, id=26600, stack(0x000000d5eef00000,0x000000d5ef000000)]
  0x00000211bd145040 JavaThread "jar transforms Thread 7" [_thread_blocked, id=22360, stack(0x000000d5ef000000,0x000000d5ef100000)]
  0x00000211bd1446a0 JavaThread "jar transforms Thread 8" [_thread_blocked, id=22280, stack(0x000000d5ef100000,0x000000d5ef200000)]
  0x00000211bd1476c0 JavaThread "Cache worker for file content cache (C:\Users\Asus\.gradle\caches\7.5\fileContent)" [_thread_blocked, id=16896, stack(0x000000d5ef500000,0x000000d5ef600000)]
  0x00000211bd1424f0 JavaThread "Cache worker for execution history cache (C:\Users\Asus\.gradle\caches\7.5\executionHistory)" [_thread_blocked, id=11332, stack(0x000000d5ee600000,0x000000d5ee700000)]
  0x00000211bbadb330 JavaThread "Memory manager" [_thread_blocked, id=26340, stack(0x000000d5f4d00000,0x000000d5f4e00000)]
  0x00000211b9ba8b20 JavaThread "pool-3-thread-1" [_thread_blocked, id=3684, stack(0x000000d5f4e00000,0x000000d5f4f00000)]
  0x00000211ba758e70 JavaThread "pool-6-thread-1" [_thread_blocked, id=11428, stack(0x000000d5f4c00000,0x000000d5f4d00000)]
  0x00000211ba84fd00 JavaThread "pool-9-thread-1" [_thread_blocked, id=19832, stack(0x000000d5f4900000,0x000000d5f4a00000)]
  0x00000211c2aa6e10 JavaThread "Daemon Thread 4" [_thread_blocked, id=24300, stack(0x000000d5ebd00000,0x000000d5ebe00000)]
  0x00000211c2aa3df0 JavaThread "Handler for socket connection from /127.0.0.1:65292 to /127.0.0.1:49723" [_thread_in_native, id=24788, stack(0x000000d5ebe00000,0x000000d5ebf00000)]
  0x00000211c2aa12a0 JavaThread "Cancel handler" [_thread_blocked, id=10452, stack(0x000000d5ebf00000,0x000000d5ec000000)]
  0x00000211c2aa1c40 JavaThread "Daemon worker Thread 3" [_thread_blocked, id=14404, stack(0x000000d5ed900000,0x000000d5eda00000)]
  0x00000211c2aa1770 JavaThread "Asynchronous log dispatcher for DefaultDaemonConnection: socket connection from /127.0.0.1:65292 to /127.0.0.1:49723" [_thread_blocked, id=1776, stack(0x000000d5eda00000,0x000000d5edb00000)]
  0x00000211c2aa2f80 JavaThread "Stdin handler" [_thread_blocked, id=12988, stack(0x000000d5edb00000,0x000000d5edc00000)]
  0x00000211c2aa5fa0 JavaThread "Daemon client event forwarder" [_thread_blocked, id=14920, stack(0x000000d5edc00000,0x000000d5edd00000)]
  0x00000211c2aa5600 JavaThread "Cache worker for checksums cache (D:\androidaplication\Tutorials\RecyclerView\.gradle\7.5\checksums)" [_thread_blocked, id=7160, stack(0x000000d5edd00000,0x000000d5ede00000)]
  0x00000211c2aa42c0 JavaThread "Cache worker for cache directory md-rule (C:\Users\Asus\.gradle\caches\7.5\md-rule)" [_thread_blocked, id=15888, stack(0x000000d5ede00000,0x000000d5edf00000)]
  0x00000211c2aa72e0 JavaThread "Cache worker for file hash cache (D:\androidaplication\Tutorials\RecyclerView\.gradle\7.5\fileHashes)" [_thread_blocked, id=22968, stack(0x000000d5edf00000,0x000000d5ee000000)]
  0x00000211c2aa3920 JavaThread "Cache worker for cache directory md-supplier (C:\Users\Asus\.gradle\caches\7.5\md-supplier)" [_thread_blocked, id=21608, stack(0x000000d5ee700000,0x000000d5ee800000)]
  0x00000211c2aa3450 JavaThread "Cache worker for dependencies-accessors (D:\androidaplication\Tutorials\RecyclerView\.gradle\7.5\dependencies-accessors)" [_thread_blocked, id=16440, stack(0x000000d5ef300000,0x000000d5ef400000)]
  0x00000211ca5ac580 JavaThread "C2 CompilerThread1" daemon [_thread_blocked, id=22708, stack(0x000000d5ef400000,0x000000d5ef500000)]
  0x00000211c2aa4790 JavaThread "Cache worker for Build Output Cleanup Cache (D:\androidaplication\Tutorials\RecyclerView\.gradle\buildOutputCleanup)" [_thread_blocked, id=2000, stack(0x000000d5ef600000,0x000000d5ef700000)]
  0x00000211c2aa77b0 JavaThread "Unconstrained build operations" [_thread_blocked, id=21192, stack(0x000000d5ef700000,0x000000d5ef800000)]
  0x00000211c2aa5ad0 JavaThread "Unconstrained build operations Thread 2" [_thread_blocked, id=1336, stack(0x000000d5ef800000,0x000000d5ef900000)]
  0x00000211c2aa6940 JavaThread "Unconstrained build operations Thread 3" [_thread_blocked, id=21308, stack(0x000000d5efb00000,0x000000d5efc00000)]
  0x00000211c2aa7c80 JavaThread "Unconstrained build operations Thread 4" [_thread_blocked, id=13380, stack(0x000000d5efc00000,0x000000d5efd00000)]
  0x00000211c2aa8150 JavaThread "Unconstrained build operations Thread 5" [_thread_blocked, id=18572, stack(0x000000d5efd00000,0x000000d5efe00000)]
  0x00000211c2aa2110 JavaThread "Unconstrained build operations Thread 6" [_thread_blocked, id=4092, stack(0x000000d5efe00000,0x000000d5eff00000)]
  0x00000211c2aa8620 JavaThread "Unconstrained build operations Thread 7" [_thread_blocked, id=17820, stack(0x000000d5eff00000,0x000000d5f0000000)]
  0x00000211c2aa25e0 JavaThread "Unconstrained build operations Thread 8" [_thread_blocked, id=12624, stack(0x000000d5f0000000,0x000000d5f0100000)]
  0x00000211c2aa0dd0 JavaThread "Unconstrained build operations Thread 9" [_thread_blocked, id=12064, stack(0x000000d5f0100000,0x000000d5f0200000)]
  0x00000211c2aa2ab0 JavaThread "Unconstrained build operations Thread 10" [_thread_blocked, id=17736, stack(0x000000d5f0200000,0x000000d5f0300000)]
  0x00000211ba84e020 JavaThread "Unconstrained build operations Thread 11" [_thread_blocked, id=3044, stack(0x000000d5f0300000,0x000000d5f0400000)]
  0x00000211ba84e4f0 JavaThread "Unconstrained build operations Thread 12" [_thread_blocked, id=25812, stack(0x000000d5f0400000,0x000000d5f0500000)]
  0x00000211ba851510 JavaThread "Unconstrained build operations Thread 13" [_thread_blocked, id=15096, stack(0x000000d5f0500000,0x000000d5f0600000)]
  0x00000211ba852380 JavaThread "Unconstrained build operations Thread 14" [_thread_blocked, id=26072, stack(0x000000d5f0600000,0x000000d5f0700000)]
  0x00000211ba84e9c0 JavaThread "Unconstrained build operations Thread 15" [_thread_blocked, id=22040, stack(0x000000d5f0700000,0x000000d5f0800000)]
  0x00000211ba8519e0 JavaThread "Unconstrained build operations Thread 16" [_thread_blocked, id=13476, stack(0x000000d5f0800000,0x000000d5f0900000)]
  0x00000211ba8553a0 JavaThread "Unconstrained build operations Thread 17" [_thread_blocked, id=9908, stack(0x000000d5f0900000,0x000000d5f0a00000)]
  0x00000211ba8506a0 JavaThread "Unconstrained build operations Thread 18" [_thread_blocked, id=9760, stack(0x000000d5f0a00000,0x000000d5f0b00000)]
  0x00000211ba8536c0 JavaThread "Unconstrained build operations Thread 19" [_thread_blocked, id=8932, stack(0x000000d5f0b00000,0x000000d5f0c00000)]
  0x00000211ba852d20 JavaThread "Unconstrained build operations Thread 20" [_thread_blocked, id=4076, stack(0x000000d5f0c00000,0x000000d5f0d00000)]
  0x00000211ba854060 JavaThread "Unconstrained build operations Thread 21" [_thread_blocked, id=22892, stack(0x000000d5f0d00000,0x000000d5f0e00000)]
  0x00000211ba853b90 JavaThread "Unconstrained build operations Thread 22" [_thread_blocked, id=26440, stack(0x000000d5f0e00000,0x000000d5f0f00000)]
  0x00000211ba84ee90 JavaThread "Unconstrained build operations Thread 23" [_thread_blocked, id=19460, stack(0x000000d5f0f00000,0x000000d5f1000000)]
  0x00000211ba84f830 JavaThread "Unconstrained build operations Thread 24" [_thread_blocked, id=26248, stack(0x000000d5f1000000,0x000000d5f1100000)]
  0x00000211ba852850 JavaThread "Unconstrained build operations Thread 25" [_thread_blocked, id=1740, stack(0x000000d5f1100000,0x000000d5f1200000)]
  0x00000211ba8501d0 JavaThread "Unconstrained build operations Thread 26" [_thread_blocked, id=4264, stack(0x000000d5f1200000,0x000000d5f1300000)]
  0x00000211ba850b70 JavaThread "Unconstrained build operations Thread 27" [_thread_blocked, id=7816, stack(0x000000d5f1300000,0x000000d5f1400000)]
  0x00000211ba854a00 JavaThread "Unconstrained build operations Thread 28" [_thread_blocked, id=9196, stack(0x000000d5f1400000,0x000000d5f1500000)]
  0x00000211ba84f360 JavaThread "Unconstrained build operations Thread 29" [_thread_blocked, id=19744, stack(0x000000d5f1500000,0x000000d5f1600000)]
  0x00000211ba855870 JavaThread "Unconstrained build operations Thread 30" [_thread_blocked, id=19956, stack(0x000000d5f1600000,0x000000d5f1700000)]
  0x00000211ba851eb0 JavaThread "Unconstrained build operations Thread 31" [_thread_blocked, id=22720, stack(0x000000d5f1700000,0x000000d5f1800000)]
  0x00000211ba854ed0 JavaThread "Unconstrained build operations Thread 32" [_thread_blocked, id=1936, stack(0x000000d5f1800000,0x000000d5f1900000)]
  0x00000211ba8531f0 JavaThread "Unconstrained build operations Thread 33" [_thread_blocked, id=9692, stack(0x000000d5f1900000,0x000000d5f1a00000)]
  0x00000211ba854530 JavaThread "Unconstrained build operations Thread 34" [_thread_blocked, id=15916, stack(0x000000d5f1a00000,0x000000d5f1b00000)]
  0x00000211ba851040 JavaThread "Unconstrained build operations Thread 35" [_thread_blocked, id=23420, stack(0x000000d5f1b00000,0x000000d5f1c00000)]
  0x00000211ba75e040 JavaThread "Unconstrained build operations Thread 36" [_thread_blocked, id=5368, stack(0x000000d5f1c00000,0x000000d5f1d00000)]
  0x00000211ba759340 JavaThread "Unconstrained build operations Thread 37" [_thread_blocked, id=5784, stack(0x000000d5f1d00000,0x000000d5f1e00000)]
  0x00000211ba759ce0 JavaThread "Unconstrained build operations Thread 38" [_thread_blocked, id=15812, stack(0x000000d5f1e00000,0x000000d5f1f00000)]
  0x00000211ba75c360 JavaThread "Unconstrained build operations Thread 39" [_thread_blocked, id=2712, stack(0x000000d5f1f00000,0x000000d5f2000000)]
  0x00000211ba75cd00 JavaThread "Unconstrained build operations Thread 40" [_thread_blocked, id=14192, stack(0x000000d5f2000000,0x000000d5f2100000)]
  0x00000211ba75d6a0 JavaThread "Unconstrained build operations Thread 41" [_thread_blocked, id=18360, stack(0x000000d5f2100000,0x000000d5f2200000)]
  0x00000211ba75a680 JavaThread "Unconstrained build operations Thread 42" [_thread_blocked, id=23164, stack(0x000000d5f2200000,0x000000d5f2300000)]
  0x00000211ba75e510 JavaThread "Unconstrained build operations Thread 43" [_thread_blocked, id=12044, stack(0x000000d5f2300000,0x000000d5f2400000)]
  0x00000211ba75e9e0 JavaThread "Unconstrained build operations Thread 44" [_thread_blocked, id=1836, stack(0x000000d5f2400000,0x000000d5f2500000)]
  0x00000211ba75ab50 JavaThread "Unconstrained build operations Thread 45" [_thread_blocked, id=18320, stack(0x000000d5f2500000,0x000000d5f2600000)]
  0x00000211ba75be90 JavaThread "Unconstrained build operations Thread 46" [_thread_blocked, id=17508, stack(0x000000d5f2600000,0x000000d5f2700000)]
  0x00000211ba757b30 JavaThread "Unconstrained build operations Thread 47" [_thread_blocked, id=7600, stack(0x000000d5f2700000,0x000000d5f2800000)]
  0x00000211ba7584d0 JavaThread "Unconstrained build operations Thread 48" [_thread_blocked, id=19452, stack(0x000000d5f2800000,0x000000d5f2900000)]
  0x00000211ba75b020 JavaThread "Unconstrained build operations Thread 49" [_thread_blocked, id=6304, stack(0x000000d5f2900000,0x000000d5f2a00000)]
  0x00000211ba75b4f0 JavaThread "Unconstrained build operations Thread 50" [_thread_blocked, id=2272, stack(0x000000d5f2a00000,0x000000d5f2b00000)]
  0x00000211ba7589a0 JavaThread "Unconstrained build operations Thread 51" [_thread_blocked, id=11924, stack(0x000000d5f2b00000,0x000000d5f2c00000)]
  0x00000211ba75b9c0 JavaThread "Unconstrained build operations Thread 52" [_thread_blocked, id=22076, stack(0x000000d5f2c00000,0x000000d5f2d00000)]
  0x00000211b8d86b10 JavaThread "Unconstrained build operations Thread 53" [_thread_blocked, id=6120, stack(0x000000d5f2d00000,0x000000d5f2e00000)]
  0x00000211b8d84e30 JavaThread "Unconstrained build operations Thread 54" [_thread_blocked, id=20336, stack(0x000000d5f2e00000,0x000000d5f2f00000)]
  0x00000211b8d87e50 JavaThread "Unconstrained build operations Thread 55" [_thread_blocked, id=2532, stack(0x000000d5f2f00000,0x000000d5f3000000)]
  0x00000211b8d88320 JavaThread "Unconstrained build operations Thread 56" [_thread_blocked, id=19752, stack(0x000000d5f3000000,0x000000d5f3100000)]
  0x00000211b8d89190 JavaThread "Unconstrained build operations Thread 57" [_thread_blocked, id=22940, stack(0x000000d5f3100000,0x000000d5f3200000)]
  0x00000211b8d89660 JavaThread "Unconstrained build operations Thread 58" [_thread_blocked, id=19416, stack(0x000000d5f3200000,0x000000d5f3300000)]
  0x00000211b8d84490 JavaThread "Unconstrained build operations Thread 59" [_thread_blocked, id=12716, stack(0x000000d5f3300000,0x000000d5f3400000)]
  0x00000211b8d82c80 JavaThread "Unconstrained build operations Thread 60" [_thread_blocked, id=18052, stack(0x000000d5f3400000,0x000000d5f3500000)]
  0x00000211b8d83af0 JavaThread "Unconstrained build operations Thread 61" [_thread_blocked, id=12896, stack(0x000000d5f3500000,0x000000d5f3600000)]
  0x00000211b8d83150 JavaThread "Unconstrained build operations Thread 62" [_thread_blocked, id=11832, stack(0x000000d5f3600000,0x000000d5f3700000)]
  0x00000211b8d86fe0 JavaThread "Unconstrained build operations Thread 63" [_thread_blocked, id=16840, stack(0x000000d5f3700000,0x000000d5f3800000)]
  0x00000211b8d83620 JavaThread "Unconstrained build operations Thread 64" [_thread_blocked, id=4836, stack(0x000000d5f3800000,0x000000d5f3900000)]
  0x00000211b8d85300 JavaThread "Unconstrained build operations Thread 65" [_thread_blocked, id=22140, stack(0x000000d5f3900000,0x000000d5f3a00000)]
  0x00000211b8d85ca0 JavaThread "Unconstrained build operations Thread 66" [_thread_blocked, id=23172, stack(0x000000d5f3a00000,0x000000d5f3b00000)]
  0x00000211bbadd9b0 JavaThread "Unconstrained build operations Thread 67" [_thread_blocked, id=16688, stack(0x000000d5f3b00000,0x000000d5f3c00000)]
  0x00000211bbada4c0 JavaThread "Unconstrained build operations Thread 68" [_thread_blocked, id=6940, stack(0x000000d5f3c00000,0x000000d5f3d00000)]
  0x00000211bbadecf0 JavaThread "Unconstrained build operations Thread 69" [_thread_blocked, id=10216, stack(0x000000d5f3d00000,0x000000d5f3e00000)]
  0x00000211bbada990 JavaThread "Unconstrained build operations Thread 70" [_thread_blocked, id=21248, stack(0x000000d5f3e00000,0x000000d5f3f00000)]
  0x00000211bbadc670 JavaThread "Unconstrained build operations Thread 71" [_thread_blocked, id=2496, stack(0x000000d5f3f00000,0x000000d5f4000000)]
  0x00000211bbadbcd0 JavaThread "Unconstrained build operations Thread 72" [_thread_blocked, id=15196, stack(0x000000d5f4000000,0x000000d5f4100000)]
  0x00000211bbadde80 JavaThread "Unconstrained build operations Thread 73" [_thread_blocked, id=25984, stack(0x000000d5f4100000,0x000000d5f4200000)]
  0x00000211bbadf1c0 JavaThread "Unconstrained build operations Thread 74" [_thread_blocked, id=12444, stack(0x000000d5f4200000,0x000000d5f4300000)]
  0x00000211bbad8310 JavaThread "Unconstrained build operations Thread 75" [_thread_blocked, id=11904, stack(0x000000d5f4300000,0x000000d5f4400000)]
  0x00000211bbad9650 JavaThread "Unconstrained build operations Thread 76" [_thread_blocked, id=17644, stack(0x000000d5f4400000,0x000000d5f4500000)]
  0x00000211bbadc1a0 JavaThread "Unconstrained build operations Thread 77" [_thread_blocked, id=9028, stack(0x000000d5f4500000,0x000000d5f4600000)]
  0x00000211bbade350 JavaThread "Unconstrained build operations Thread 78" [_thread_blocked, id=18696, stack(0x000000d5f4600000,0x000000d5f4700000)]
  0x00000211bbade820 JavaThread "Unconstrained build operations Thread 79" [_thread_blocked, id=11180, stack(0x000000d5f4700000,0x000000d5f4800000)]
  0x00000211bbad8cb0 JavaThread "Unconstrained build operations Thread 80" [_thread_blocked, id=25484, stack(0x000000d5f4800000,0x000000d5f4900000)]
  0x00000211bbad9b20 JavaThread "build event listener" [_thread_blocked, id=20124, stack(0x000000d5f4a00000,0x000000d5f4b00000)]
  0x00000211b9ba5160 JavaThread "pool-12-thread-1" [_thread_blocked, id=22452, stack(0x000000d5f4b00000,0x000000d5f4c00000)]
  0x00000211b9ba6970 JavaThread "build event listener" [_thread_blocked, id=11824, stack(0x000000d5f4f00000,0x000000d5f5000000)]
  0x00000211b9ba5630 JavaThread "included builds" [_thread_blocked, id=9396, stack(0x000000d5f5000000,0x000000d5f5100000)]
  0x00000211b9ba5b00 JavaThread "Execution worker" [_thread_blocked, id=9552, stack(0x000000d5f5100000,0x000000d5f5200000)]
  0x00000211b9ba5fd0 JavaThread "Execution worker Thread 2" [_thread_blocked, id=5060, stack(0x000000d5f5200000,0x000000d5f5300000)]
  0x00000211b9df5a20 JavaThread "Execution worker Thread 3" [_thread_blocked, id=19888, stack(0x000000d5f5300000,0x000000d5f5400000)]
  0x00000211b9df2a00 JavaThread "Execution worker Thread 4" [_thread_blocked, id=14796, stack(0x000000d5f5400000,0x000000d5f5500000)]
  0x00000211b9df3870 JavaThread "Execution worker Thread 5" [_thread_blocked, id=9416, stack(0x000000d5f5500000,0x000000d5f5600000)]
  0x00000211b9df2ed0 JavaThread "Execution worker Thread 6" [_thread_blocked, id=5600, stack(0x000000d5f5600000,0x000000d5f5700000)]
  0x00000211b9df33a0 JavaThread "Execution worker Thread 7" [_thread_blocked, id=12912, stack(0x000000d5f5700000,0x000000d5f5800000)]
  0x00000211b9df4210 JavaThread "Cache worker for execution history cache (D:\androidaplication\Tutorials\RecyclerView\.gradle\7.5\executionHistory)" [_thread_blocked, id=26316, stack(0x000000d5f5800000,0x000000d5f5900000)]
  0x00000211b7c97420 JavaThread "WorkerExecutor Queue" [_thread_blocked, id=6816, stack(0x000000d5efa00000,0x000000d5efb00000)]
  0x00000211b7c9c5f0 JavaThread "WorkerExecutor Queue Thread 2" [_thread_blocked, id=10864, stack(0x000000d5f5f00000,0x000000d5f6000000)]
  0x00000211ca5aa720 JavaThread "C2 CompilerThread2" daemon [_thread_in_native, id=21280, stack(0x000000d5f6000000,0x000000d5f6100000)]
  0x00000211b7c9cac0 JavaThread "WorkerExecutor Queue Thread 3" [_thread_blocked, id=10284, stack(0x000000d5f6100000,0x000000d5f6200000)]
  0x00000211b7c9d460 JavaThread "WorkerExecutor Queue Thread 4" [_thread_blocked, id=23116, stack(0x000000d5f6200000,0x000000d5f6300000)]
  0x00000211b7c99f70 JavaThread "WorkerExecutor Queue Thread 5" [_thread_blocked, id=15768, stack(0x000000d5f6300000,0x000000d5f6400000)]
  0x00000211b7c965b0 JavaThread "WorkerExecutor Queue Thread 6" [_thread_blocked, id=17484, stack(0x000000d5f6400000,0x000000d5f6500000)]
  0x00000211b7c9b780 JavaThread "WorkerExecutor Queue Thread 7" [_thread_blocked, id=12608, stack(0x000000d5f6500000,0x000000d5f6600000)]
  0x00000211c10207c0 JavaThread "WorkerExecutor Queue Thread 8" [_thread_blocked, id=25304, stack(0x000000d5f6600000,0x000000d5f6700000)]

Other Threads:
=>0x00000211b6796a20 VMThread "VM Thread" [stack: 0x000000d5ec600000,0x000000d5ec700000] [id=16036]
  0x00000211b726e240 WatcherThread [stack: 0x000000d5ed100000,0x000000d5ed200000] [id=25728]
  0x000002118983d820 GCTaskThread "GC Thread#0" [stack: 0x000000d5ec100000,0x000000d5ec200000] [id=20644]
  0x00000211b76d3050 GCTaskThread "GC Thread#1" [stack: 0x000000d5ed400000,0x000000d5ed500000] [id=14144]
  0x00000211b76d3380 GCTaskThread "GC Thread#2" [stack: 0x000000d5ed500000,0x000000d5ed600000] [id=15240]
  0x00000211b76d1070 GCTaskThread "GC Thread#3" [stack: 0x000000d5ed600000,0x000000d5ed700000] [id=15404]
  0x00000211b76d1d30 GCTaskThread "GC Thread#4" [stack: 0x000000d5ed700000,0x000000d5ed800000] [id=2232]
  0x00000211b76d16d0 GCTaskThread "GC Thread#5" [stack: 0x000000d5ee100000,0x000000d5ee200000] [id=12036]
  0x00000211b76d2060 GCTaskThread "GC Thread#6" [stack: 0x000000d5ee200000,0x000000d5ee300000] [id=15212]
  0x00000211b76d26c0 GCTaskThread "GC Thread#7" [stack: 0x000000d5ee300000,0x000000d5ee400000] [id=11304]
  0x000002118984e5b0 ConcurrentGCThread "G1 Main Marker" [stack: 0x000000d5ec200000,0x000000d5ec300000] [id=17356]
  0x0000021189851590 ConcurrentGCThread "G1 Conc#0" [stack: 0x000000d5ec300000,0x000000d5ec400000] [id=21856]
  0x00000211b98dc7e0 ConcurrentGCThread "G1 Conc#1" [stack: 0x000000d5ef200000,0x000000d5ef300000] [id=9980]
  0x000002118988da60 ConcurrentGCThread "G1 Refine#0" [stack: 0x000000d5ec400000,0x000000d5ec500000] [id=17608]
  0x00000211b8bb52f0 ConcurrentGCThread "G1 Refine#1" [stack: 0x000000d5ef900000,0x000000d5efa00000] [id=25848]
  0x00000211bd4ed6e0 ConcurrentGCThread "G1 Refine#2" [stack: 0x000000d5f5900000,0x000000d5f5a00000] [id=1540]
  0x00000211bd4ee460 ConcurrentGCThread "G1 Refine#3" [stack: 0x000000d5f5a00000,0x000000d5f5b00000] [id=14868]
  0x00000211bd4f02c0 ConcurrentGCThread "G1 Refine#4" [stack: 0x000000d5f5b00000,0x000000d5f5c00000] [id=10212]
  0x00000211bd4ee7c0 ConcurrentGCThread "G1 Refine#5" [stack: 0x000000d5f5c00000,0x000000d5f5d00000] [id=11528]
  0x00000211bd4eee80 ConcurrentGCThread "G1 Refine#6" [stack: 0x000000d5f5d00000,0x000000d5f5e00000] [id=17384]
  0x00000211bd4ed380 ConcurrentGCThread "G1 Refine#7" [stack: 0x000000d5f5e00000,0x000000d5f5f00000] [id=10276]
  0x000002118988e2a0 ConcurrentGCThread "G1 Young RemSet Sampling" [stack: 0x000000d5ec500000,0x000000d5ec600000] [id=2992]

Threads with active compile tasks:
C2 CompilerThread0  7319010 22493       4       java.io.ObjectOutputStream::writeClassDesc (60 bytes)
C2 CompilerThread1  7319010 22492   !   4       java.io.ObjectOutputStream::writeObject0 (620 bytes)
C2 CompilerThread2  7319011 22494   !   4       java.io.ObjectOutputStream::writeOrdinaryObject (196 bytes)

VM state: at safepoint (normal execution)

VM Mutex/Monitor currently owned by a thread:  ([mutex/lock_event])
[0x00000211897c73a0] Threads_lock - owner thread: 0x00000211b6796a20
[0x00000211897c7550] Heap_lock - owner thread: 0x000002118984e5b0

Heap address: 0x0000000600000000, size: 8192 MB, Compressed Oops mode: Zero based, Oop shift amount: 3
CDS archive(s) mapped at: [0x0000000800000000-0x0000000800b50000-0x0000000800b50000), size 11862016, SharedBaseAddress: 0x0000000800000000, ArchiveRelocationMode: 0.
Compressed class space mapped at: 0x0000000800b50000-0x0000000840b50000, size: 1073741824
Narrow klass base: 0x0000000800000000, Narrow klass shift: 3, Narrow klass range: 0x100000000

GC Precious Log:
 CPUs: 8 total, 8 available
 Memory: 15805M
 Large Page Support: Disabled
 NUMA Support: Disabled
 Compressed Oops: Enabled (Zero based)
 Heap Region Size: 4M
 Heap Min Capacity: 8M
 Heap Initial Capacity: 248M
 Heap Max Capacity: 8G
 Pre-touch: Disabled
 Parallel Workers: 8
 Concurrent Workers: 2
 Concurrent Refinement Workers: 8
 Periodic GC: Disabled

Heap:
 garbage-first heap   total 507904K, used 297414K [0x0000000600000000, 0x0000000800000000)
  region size 4096K, 5 young (20480K), 3 survivors (12288K)
 Metaspace       used 132333K, capacity 134904K, committed 135068K, reserved 1167360K
  class space    used 16256K, capacity 17028K, committed 17152K, reserved 1048576K

Heap Regions: E=young(eden), S=young(survivor), O=old, HS=humongous(starts), HC=humongous(continues), CS=collection set, F=free, OA=open archive, CA=closed archive, TAMS=top-at-mark-start (previous, next)
|   0|0x0000000600000000, 0x0000000600000000, 0x0000000600400000|  0%| F|  |TAMS 0x0000000600000000, 0x0000000600000000| Untracked 
|   1|0x0000000600400000, 0x0000000600800000, 0x0000000600800000|100%|HS|  |TAMS 0x0000000600800000, 0x0000000600400000| Complete 
|   2|0x0000000600800000, 0x0000000600c00000, 0x0000000600c00000|100%| O|  |TAMS 0x0000000600c00000, 0x0000000600800000| Updating 
|   3|0x0000000600c00000, 0x0000000601000000, 0x0000000601000000|100%|HS|  |TAMS 0x0000000601000000, 0x0000000600c00000| Complete 
|   4|0x0000000601000000, 0x0000000601400000, 0x0000000601400000|100%|HS|  |TAMS 0x0000000601400000, 0x0000000601000000| Complete 
|   5|0x0000000601400000, 0x0000000601800000, 0x0000000601800000|100%|HS|  |TAMS 0x0000000601800000, 0x0000000601400000| Complete 
|   6|0x0000000601800000, 0x0000000601c00000, 0x0000000601c00000|100%|HC|  |TAMS 0x0000000601c00000, 0x0000000601800000| Complete 
|   7|0x0000000601c00000, 0x0000000602000000, 0x0000000602000000|100%|HC|  |TAMS 0x0000000602000000, 0x0000000601c00000| Complete 
|   8|0x0000000602000000, 0x0000000602400000, 0x0000000602400000|100%|HS|  |TAMS 0x0000000602400000, 0x0000000602000000| Complete 
|   9|0x0000000602400000, 0x0000000602800000, 0x0000000602800000|100%|HC|  |TAMS 0x0000000602800000, 0x0000000602400000| Complete 
|  10|0x0000000602800000, 0x0000000602c00000, 0x0000000602c00000|100%| O|  |TAMS 0x0000000602c00000, 0x0000000602800000| Updating 
|  11|0x0000000602c00000, 0x0000000603000000, 0x0000000603000000|100%| O|  |TAMS 0x0000000603000000, 0x0000000602c00000| Updating 
|  12|0x0000000603000000, 0x00000006033ffff8, 0x0000000603400000| 99%| O|  |TAMS 0x00000006033ffff8, 0x0000000603000000| Updating 
|  13|0x0000000603400000, 0x0000000603800000, 0x0000000603800000|100%| O|  |TAMS 0x0000000603800000, 0x0000000603400000| Updating 
|  14|0x0000000603800000, 0x0000000603c00000, 0x0000000603c00000|100%| O|  |TAMS 0x0000000603c00000, 0x0000000603800000| Updating 
|  15|0x0000000603c00000, 0x0000000604000000, 0x0000000604000000|100%|HS|  |TAMS 0x0000000604000000, 0x0000000603c00000| Complete 
|  16|0x0000000604000000, 0x0000000604400000, 0x0000000604400000|100%|HS|  |TAMS 0x0000000604400000, 0x0000000604000000| Complete 
|  17|0x0000000604400000, 0x0000000604800000, 0x0000000604800000|100%|HC|  |TAMS 0x0000000604800000, 0x0000000604400000| Complete 
|  18|0x0000000604800000, 0x0000000604c00000, 0x0000000604c00000|100%|HC|  |TAMS 0x0000000604c00000, 0x0000000604800000| Complete 
|  19|0x0000000604c00000, 0x0000000605000000, 0x0000000605000000|100%| O|  |TAMS 0x0000000605000000, 0x0000000604c00000| Updating 
|  20|0x0000000605000000, 0x0000000605400000, 0x0000000605400000|100%| O|  |TAMS 0x0000000605400000, 0x0000000605000000| Updating 
|  21|0x0000000605400000, 0x0000000605800000, 0x0000000605800000|100%| O|  |TAMS 0x0000000605800000, 0x0000000605400000| Updating 
|  22|0x0000000605800000, 0x0000000605c00000, 0x0000000605c00000|100%|HS|  |TAMS 0x0000000605c00000, 0x0000000605800000| Complete 
|  23|0x0000000605c00000, 0x0000000606000000, 0x0000000606000000|100%|HS|  |TAMS 0x0000000606000000, 0x0000000605c00000| Complete 
|  24|0x0000000606000000, 0x0000000606400000, 0x0000000606400000|100%|HC|  |TAMS 0x0000000606400000, 0x0000000606000000| Complete 
|  25|0x0000000606400000, 0x0000000606800000, 0x0000000606800000|100%| O|  |TAMS 0x0000000606800000, 0x0000000606400000| Updating 
|  26|0x0000000606800000, 0x0000000606800000, 0x0000000606c00000|  0%| F|  |TAMS 0x0000000606800000, 0x0000000606800000| Untracked 
|  27|0x0000000606c00000, 0x0000000607000000, 0x0000000607000000|100%| O|  |TAMS 0x0000000607000000, 0x0000000606c00000| Updating 
|  28|0x0000000607000000, 0x0000000607400000, 0x0000000607400000|100%| O|  |TAMS 0x0000000607400000, 0x0000000607000000| Updating 
|  29|0x0000000607400000, 0x0000000607800000, 0x0000000607800000|100%|HS|  |TAMS 0x0000000607800000, 0x0000000607400000| Complete 
|  30|0x0000000607800000, 0x0000000607c00000, 0x0000000607c00000|100%| O|  |TAMS 0x0000000607c00000, 0x0000000607800000| Updating 
|  31|0x0000000607c00000, 0x0000000608000000, 0x0000000608000000|100%| O|  |TAMS 0x0000000608000000, 0x0000000607c00000| Updating 
|  32|0x0000000608000000, 0x0000000608400000, 0x0000000608400000|100%| O|  |TAMS 0x0000000608400000, 0x0000000608000000| Updating 
|  33|0x0000000608400000, 0x0000000608800000, 0x0000000608800000|100%| O|  |TAMS 0x0000000608800000, 0x0000000608400000| Updating 
|  34|0x0000000608800000, 0x0000000608c00000, 0x0000000608c00000|100%| O|  |TAMS 0x0000000608c00000, 0x0000000608800000| Updating 
|  35|0x0000000608c00000, 0x0000000609000000, 0x0000000609000000|100%| O|  |TAMS 0x0000000609000000, 0x0000000608c00000| Updating 
|  36|0x0000000609000000, 0x0000000609400000, 0x0000000609400000|100%|HS|  |TAMS 0x0000000609400000, 0x0000000609000000| Complete 
|  37|0x0000000609400000, 0x0000000609800000, 0x0000000609800000|100%|HS|  |TAMS 0x0000000609800000, 0x0000000609400000| Complete 
|  38|0x0000000609800000, 0x0000000609c00000, 0x0000000609c00000|100%|HS|  |TAMS 0x0000000609c00000, 0x0000000609800000| Complete 
|  39|0x0000000609c00000, 0x000000060a000000, 0x000000060a000000|100%|HC|  |TAMS 0x000000060a000000, 0x0000000609c00000| Complete 
|  40|0x000000060a000000, 0x000000060a400000, 0x000000060a400000|100%|HC|  |TAMS 0x000000060a400000, 0x000000060a000000| Complete 
|  41|0x000000060a400000, 0x000000060a800000, 0x000000060a800000|100%|HS|  |TAMS 0x000000060a800000, 0x000000060a400000| Complete 
|  42|0x000000060a800000, 0x000000060ac00000, 0x000000060ac00000|100%|HC|  |TAMS 0x000000060ac00000, 0x000000060a800000| Complete 
|  43|0x000000060ac00000, 0x000000060b000000, 0x000000060b000000|100%| O|  |TAMS 0x000000060b000000, 0x000000060ac00000| Updating 
|  44|0x000000060b000000, 0x000000060b000000, 0x000000060b400000|  0%| F|  |TAMS 0x000000060b000000, 0x000000060b000000| Untracked 
|  45|0x000000060b400000, 0x000000060b800000, 0x000000060b800000|100%| O|  |TAMS 0x000000060b800000, 0x000000060b400000| Updating 
|  46|0x000000060b800000, 0x000000060b800000, 0x000000060bc00000|  0%| F|  |TAMS 0x000000060b800000, 0x000000060b800000| Untracked 
|  47|0x000000060bc00000, 0x000000060c000000, 0x000000060c000000|100%| O|  |TAMS 0x000000060c000000, 0x000000060bc00000| Updating 
|  48|0x000000060c000000, 0x000000060c400000, 0x000000060c400000|100%| O|  |TAMS 0x000000060c400000, 0x000000060c000000| Updating 
|  49|0x000000060c400000, 0x000000060c400000, 0x000000060c800000|  0%| F|  |TAMS 0x000000060c400000, 0x000000060c400000| Untracked 
|  50|0x000000060c800000, 0x000000060c800000, 0x000000060cc00000|  0%| F|  |TAMS 0x000000060c800000, 0x000000060c800000| Untracked 
|  51|0x000000060cc00000, 0x000000060cc00000, 0x000000060d000000|  0%| F|  |TAMS 0x000000060cc00000, 0x000000060cc00000| Untracked 
|  52|0x000000060d000000, 0x000000060d000000, 0x000000060d400000|  0%| F|  |TAMS 0x000000060d000000, 0x000000060d000000| Untracked 
|  53|0x000000060d400000, 0x000000060d400000, 0x000000060d800000|  0%| F|  |TAMS 0x000000060d400000, 0x000000060d400000| Untracked 
|  54|0x000000060d800000, 0x000000060d800000, 0x000000060dc00000|  0%| F|  |TAMS 0x000000060d800000, 0x000000060d800000| Untracked 
|  55|0x000000060dc00000, 0x000000060dc00000, 0x000000060e000000|  0%| F|  |TAMS 0x000000060dc00000, 0x000000060dc00000| Untracked 
|  56|0x000000060e000000, 0x000000060e000000, 0x000000060e400000|  0%| F|  |TAMS 0x000000060e000000, 0x000000060e000000| Untracked 
|  57|0x000000060e400000, 0x000000060e800000, 0x000000060e800000|100%| O|  |TAMS 0x000000060e800000, 0x000000060e400000| Updating 
|  58|0x000000060e800000, 0x000000060ec00000, 0x000000060ec00000|100%| O|  |TAMS 0x000000060ec00000, 0x000000060e800000| Updating 
|  59|0x000000060ec00000, 0x000000060f000000, 0x000000060f000000|100%| O|  |TAMS 0x000000060f000000, 0x000000060ec00000| Updating 
|  60|0x000000060f000000, 0x000000060f400000, 0x000000060f400000|100%| O|  |TAMS 0x000000060f400000, 0x000000060f000000| Updating 
|  61|0x000000060f400000, 0x000000060f800000, 0x000000060f800000|100%| O|  |TAMS 0x000000060f800000, 0x000000060f400000| Updating 
|  62|0x000000060f800000, 0x000000060fc00000, 0x000000060fc00000|100%| O|  |TAMS 0x000000060fc00000, 0x000000060f800000| Updating 
|  63|0x000000060fc00000, 0x0000000610000000, 0x0000000610000000|100%| O|  |TAMS 0x0000000610000000, 0x000000060fc00000| Updating 
|  64|0x0000000610000000, 0x0000000610400000, 0x0000000610400000|100%| O|  |TAMS 0x0000000610400000, 0x0000000610000000| Updating 
|  65|0x0000000610400000, 0x0000000610800000, 0x0000000610800000|100%| O|  |TAMS 0x0000000610800000, 0x0000000610400000| Updating 
|  66|0x0000000610800000, 0x0000000610c00000, 0x0000000610c00000|100%| O|  |TAMS 0x0000000610c00000, 0x0000000610800000| Updating 
|  67|0x0000000610c00000, 0x0000000611000000, 0x0000000611000000|100%| O|  |TAMS 0x0000000611000000, 0x0000000610c00000| Updating 
|  68|0x0000000611000000, 0x0000000611400000, 0x0000000611400000|100%| O|  |TAMS 0x0000000611400000, 0x0000000611000000| Updating 
|  69|0x0000000611400000, 0x0000000611800000, 0x0000000611800000|100%| O|  |TAMS 0x0000000611800000, 0x0000000611400000| Updating 
|  70|0x0000000611800000, 0x0000000611c00000, 0x0000000611c00000|100%| O|  |TAMS 0x0000000611c00000, 0x0000000611800000| Updating 
|  71|0x0000000611c00000, 0x0000000612000000, 0x0000000612000000|100%| O|  |TAMS 0x0000000612000000, 0x0000000611c00000| Updating 
|  72|0x0000000612000000, 0x0000000612400000, 0x0000000612400000|100%| O|  |TAMS 0x0000000612400000, 0x0000000612000000| Updating 
|  73|0x0000000612400000, 0x0000000612800000, 0x0000000612800000|100%| O|  |TAMS 0x0000000612800000, 0x0000000612400000| Updating 
|  74|0x0000000612800000, 0x0000000612c00000, 0x0000000612c00000|100%| O|  |TAMS 0x0000000612c00000, 0x0000000612800000| Updating 
|  75|0x0000000612c00000, 0x0000000613000000, 0x0000000613000000|100%| O|  |TAMS 0x0000000613000000, 0x0000000612c00000| Updating 
|  76|0x0000000613000000, 0x0000000613400000, 0x0000000613400000|100%| O|  |TAMS 0x0000000613400000, 0x0000000613000000| Updating 
|  77|0x0000000613400000, 0x0000000613800000, 0x0000000613800000|100%| O|  |TAMS 0x0000000613800000, 0x0000000613400000| Updating 
|  78|0x0000000613800000, 0x0000000613c00000, 0x0000000613c00000|100%| O|  |TAMS 0x0000000613c00000, 0x0000000613800000| Updating 
|  79|0x0000000613c00000, 0x0000000614000000, 0x0000000614000000|100%| O|  |TAMS 0x0000000614000000, 0x0000000613c00000| Updating 
|  80|0x0000000614000000, 0x0000000614271c00, 0x0000000614400000| 61%| O|  |TAMS 0x00000006141a1200, 0x0000000614000000| Updating 
|  81|0x0000000614400000, 0x0000000614400000, 0x0000000614800000|  0%| F|  |TAMS 0x0000000614400000, 0x0000000614400000| Untracked 
|  82|0x0000000614800000, 0x0000000614800000, 0x0000000614c00000|  0%| F|  |TAMS 0x0000000614800000, 0x0000000614800000| Untracked 
|  83|0x0000000614c00000, 0x0000000614c00000, 0x0000000615000000|  0%| F|  |TAMS 0x0000000614c00000, 0x0000000614c00000| Untracked 
|  84|0x0000000615000000, 0x0000000615000000, 0x0000000615400000|  0%| F|  |TAMS 0x0000000615000000, 0x0000000615000000| Untracked 
|  85|0x0000000615400000, 0x0000000615400000, 0x0000000615800000|  0%| F|  |TAMS 0x0000000615400000, 0x0000000615400000| Untracked 
|  86|0x0000000615800000, 0x0000000615800000, 0x0000000615c00000|  0%| F|  |TAMS 0x0000000615800000, 0x0000000615800000| Untracked 
|  87|0x0000000615c00000, 0x0000000615c00000, 0x0000000616000000|  0%| F|  |TAMS 0x0000000615c00000, 0x0000000615c00000| Untracked 
|  88|0x0000000616000000, 0x0000000616000000, 0x0000000616400000|  0%| F|  |TAMS 0x0000000616000000, 0x0000000616000000| Untracked 
|  89|0x0000000616400000, 0x0000000616400000, 0x0000000616800000|  0%| F|  |TAMS 0x0000000616400000, 0x0000000616400000| Untracked 
|  90|0x0000000616800000, 0x0000000616800000, 0x0000000616c00000|  0%| F|  |TAMS 0x0000000616800000, 0x0000000616800000| Untracked 
|  91|0x0000000616c00000, 0x0000000617000000, 0x0000000617000000|100%| S|CS|TAMS 0x0000000616c00000, 0x0000000616c00000| Complete 
|  92|0x0000000617000000, 0x0000000617400000, 0x0000000617400000|100%| S|CS|TAMS 0x0000000617000000, 0x0000000617000000| Complete 
|  93|0x0000000617400000, 0x0000000617800000, 0x0000000617800000|100%| S|CS|TAMS 0x0000000617400000, 0x0000000617400000| Complete 
|  94|0x0000000617800000, 0x0000000617800000, 0x0000000617c00000|  0%| F|  |TAMS 0x0000000617800000, 0x0000000617800000| Untracked 
|  95|0x0000000617c00000, 0x0000000617c00000, 0x0000000618000000|  0%| F|  |TAMS 0x0000000617c00000, 0x0000000617c00000| Untracked 
|  96|0x0000000618000000, 0x0000000618000000, 0x0000000618400000|  0%| F|  |TAMS 0x0000000618000000, 0x0000000618000000| Untracked 
|  97|0x0000000618400000, 0x0000000618400000, 0x0000000618800000|  0%| F|  |TAMS 0x0000000618400000, 0x0000000618400000| Untracked 
|  98|0x0000000618800000, 0x0000000618800000, 0x0000000618c00000|  0%| F|  |TAMS 0x0000000618800000, 0x0000000618800000| Untracked 
|  99|0x0000000618c00000, 0x0000000618c00000, 0x0000000619000000|  0%| F|  |TAMS 0x0000000618c00000, 0x0000000618c00000| Untracked 
| 100|0x0000000619000000, 0x0000000619000000, 0x0000000619400000|  0%| F|  |TAMS 0x0000000619000000, 0x0000000619000000| Untracked 
| 101|0x0000000619400000, 0x0000000619400000, 0x0000000619800000|  0%| F|  |TAMS 0x0000000619400000, 0x0000000619400000| Untracked 
| 102|0x0000000619800000, 0x0000000619800000, 0x0000000619c00000|  0%| F|  |TAMS 0x0000000619800000, 0x0000000619800000| Untracked 
| 103|0x0000000619c00000, 0x0000000619c00000, 0x000000061a000000|  0%| F|  |TAMS 0x0000000619c00000, 0x0000000619c00000| Untracked 
| 104|0x000000061a000000, 0x000000061a000000, 0x000000061a400000|  0%| F|  |TAMS 0x000000061a000000, 0x000000061a000000| Untracked 
| 105|0x000000061a400000, 0x000000061a400000, 0x000000061a800000|  0%| F|  |TAMS 0x000000061a400000, 0x000000061a400000| Untracked 
| 106|0x000000061a800000, 0x000000061a800000, 0x000000061ac00000|  0%| F|  |TAMS 0x000000061a800000, 0x000000061a800000| Untracked 
| 107|0x000000061ac00000, 0x000000061ac00000, 0x000000061b000000|  0%| F|  |TAMS 0x000000061ac00000, 0x000000061ac00000| Untracked 
| 108|0x000000061b000000, 0x000000061b000000, 0x000000061b400000|  0%| F|  |TAMS 0x000000061b000000, 0x000000061b000000| Untracked 
| 109|0x000000061b400000, 0x000000061b400000, 0x000000061b800000|  0%| F|  |TAMS 0x000000061b400000, 0x000000061b400000| Untracked 
| 110|0x000000061b800000, 0x000000061b800000, 0x000000061bc00000|  0%| F|  |TAMS 0x000000061b800000, 0x000000061b800000| Untracked 
| 111|0x000000061bc00000, 0x000000061bc00000, 0x000000061c000000|  0%| F|  |TAMS 0x000000061bc00000, 0x000000061bc00000| Untracked 
| 112|0x000000061c000000, 0x000000061c000000, 0x000000061c400000|  0%| F|  |TAMS 0x000000061c000000, 0x000000061c000000| Untracked 
| 113|0x000000061c400000, 0x000000061c6bc2e8, 0x000000061c800000| 68%| E|  |TAMS 0x000000061c400000, 0x000000061c400000| Complete 
| 114|0x000000061c800000, 0x000000061cc00000, 0x000000061cc00000|100%| E|CS|TAMS 0x000000061c800000, 0x000000061c800000| Complete 

Card table byte_map: [0x00000211a1d30000,0x00000211a2d30000] _byte_map_base: 0x000002119ed30000

Marking Bits (Prev, Next): (CMBitMap*) 0x000002118983dc50, (CMBitMap*) 0x000002118983dc90
 Prev Bits: [0x00000211a3d30000, 0x00000211abd30000)
 Next Bits: [0x00000211abd30000, 0x00000211b3d30000)

Polling page: 0x00000211877d0000

Metaspace:

Usage:
  Non-class:    115.11 MB capacity,   113.36 MB ( 98%) used,     1.52 MB (  1%) free+waste,   239.31 KB ( <1%) overhead. 
      Class:     16.63 MB capacity,    15.88 MB ( 95%) used,   674.66 KB (  4%) free+waste,    97.00 KB ( <1%) overhead. 
       Both:    131.74 MB capacity,   129.23 MB ( 98%) used,     2.18 MB (  2%) free+waste,   336.31 KB ( <1%) overhead. 

Virtual space:
  Non-class space:      116.00 MB reserved,     115.15 MB (>99%) committed 
      Class space:        1.00 GB reserved,      16.75 MB (  2%) committed 
             Both:        1.11 GB reserved,     131.90 MB ( 12%) committed 

Chunk freelists:
   Non-Class:  40.00 KB
       Class:  28.00 KB
        Both:  68.00 KB

MaxMetaspaceSize: 17179869184.00 GB
CompressedClassSpaceSize: 1.00 GB

CodeHeap 'non-profiled nmethods': size=120000Kb used=13804Kb max_used=14136Kb free=106195Kb
 bounds [0x00000211994c0000, 0x000002119a290000, 0x00000211a09f0000]
CodeHeap 'profiled nmethods': size=120000Kb used=36695Kb max_used=37877Kb free=83305Kb
 bounds [0x0000021191f90000, 0x0000021194490000, 0x00000211994c0000]
CodeHeap 'non-nmethods': size=5760Kb used=2532Kb max_used=2604Kb free=3227Kb
 bounds [0x00000211919f0000, 0x0000021191c80000, 0x0000021191f90000]
 total_blobs=19667 nmethods=18628 adapters=950
 compilation: enabled
              stopped_count=0, restarted_count=0
 full_count=0

Compilation events (20 events):
Event: 7318.899 Thread 0x00000211b70de810 22846       1       com.android.aaptcompiler.ResourceConfigValue::getConfig (5 bytes)
Event: 7318.899 Thread 0x00000211b70de810 nmethod 22846 0x0000021199994d90 code [0x0000021199994f20, 0x0000021199994fd8]
Event: 7318.899 Thread 0x00000211b70de810 22847       1       com.android.aaptcompiler.ResourceConfigValue::getProduct (5 bytes)
Event: 7318.899 Thread 0x00000211b70de810 nmethod 22847 0x000002119a1c4d90 code [0x000002119a1c4f20, 0x000002119a1c4fd8]
Event: 7318.900 Thread 0x00000211b70de810 22849       1       com.android.aaptcompiler.Value::getWeak (5 bytes)
Event: 7318.900 Thread 0x00000211b70de810 nmethod 22849 0x000002119a1c4a90 code [0x000002119a1c4c20, 0x000002119a1c4cd8]
Event: 7318.900 Thread 0x00000211b70de810 22850       1       com.android.aaptcompiler.android.ResTableConfig::getDensity (5 bytes)
Event: 7318.900 Thread 0x00000211b70de810 nmethod 22850 0x000002119a1c4790 code [0x000002119a1c4920, 0x000002119a1c49d8]
Event: 7318.900 Thread 0x00000211b70de810 22863       2       com.android.aaptcompiler.XmlStringBuilder::<init> (108 bytes)
Event: 7318.900 Thread 0x00000211b70de810 nmethod 22863 0x000002119426bb90 code [0x000002119426bd80, 0x000002119426c4d8]
Event: 7318.900 Thread 0x00000211b70de810 22855       1       com.android.aaptcompiler.android.ResTableConfig::getSmallestScreenWidthDp (5 bytes)
Event: 7318.900 Thread 0x00000211b70de810 nmethod 22855 0x000002119a1c4490 code [0x000002119a1c4620, 0x000002119a1c46d8]
Event: 7318.900 Thread 0x00000211b70de810 22856       1       com.android.aaptcompiler.android.ResTableConfig::getScreenWidthDp (5 bytes)
Event: 7318.900 Thread 0x00000211b70de810 nmethod 22856 0x000002119a1c3f10 code [0x000002119a1c40a0, 0x000002119a1c4158]
Event: 7318.900 Thread 0x00000211b70de810 22857       1       com.android.aaptcompiler.android.ResTableConfig::getSdkVersion (5 bytes)
Event: 7318.901 Thread 0x00000211b70de810 nmethod 22857 0x000002119a1c8c10 code [0x000002119a1c8da0, 0x000002119a1c8e58]
Event: 7318.901 Thread 0x00000211b70de810 22858       1       com.android.aaptcompiler.android.ResTableConfig::getScreenHeightDp (5 bytes)
Event: 7318.901 Thread 0x00000211b70de810 nmethod 22858 0x000002119a1c8910 code [0x000002119a1c8aa0, 0x000002119a1c8b58]
Event: 7318.901 Thread 0x00000211b70de810 22859       1       com.android.aaptcompiler.StringPool$Entry::getContext (5 bytes)
Event: 7318.901 Thread 0x00000211b70de810 nmethod 22859 0x000002119a1c8610 code [0x000002119a1c87a0, 0x000002119a1c8858]

GC Heap History (20 events):
Event: 99.647 GC heap before
{Heap before GC invocations=30 (full 0):
 garbage-first heap   total 389120K, used 308636K [0x0000000600000000, 0x0000000800000000)
  region size 4096K, 27 young (110592K), 4 survivors (16384K)
 Metaspace       used 119417K, capacity 121537K, committed 121756K, reserved 1155072K
  class space    used 14932K, capacity 15550K, committed 15616K, reserved 1048576K
}
Event: 99.687 GC heap after
{Heap after GC invocations=31 (full 0):
 garbage-first heap   total 389120K, used 225887K [0x0000000600000000, 0x0000000800000000)
  region size 4096K, 4 young (16384K), 4 survivors (16384K)
 Metaspace       used 119417K, capacity 121537K, committed 121756K, reserved 1155072K
  class space    used 14932K, capacity 15550K, committed 15616K, reserved 1048576K
}
Event: 103.789 GC heap before
{Heap before GC invocations=32 (full 0):
 garbage-first heap   total 405504K, used 311903K [0x0000000600000000, 0x0000000800000000)
  region size 4096K, 25 young (102400K), 4 survivors (16384K)
 Metaspace       used 119769K, capacity 121859K, committed 122012K, reserved 1155072K
  class space    used 14943K, capacity 15568K, committed 15616K, reserved 1048576K
}
Event: 103.820 GC heap after
{Heap after GC invocations=33 (full 0):
 garbage-first heap   total 405504K, used 231740K [0x0000000600000000, 0x0000000800000000)
  region size 4096K, 4 young (16384K), 4 survivors (16384K)
 Metaspace       used 119769K, capacity 121859K, committed 122012K, reserved 1155072K
  class space    used 14943K, capacity 15568K, committed 15616K, reserved 1048576K
}
Event: 2744.381 GC heap before
{Heap before GC invocations=33 (full 0):
 garbage-first heap   total 405504K, used 330044K [0x0000000600000000, 0x0000000800000000)
  region size 4096K, 28 young (114688K), 4 survivors (16384K)
 Metaspace       used 120723K, capacity 123067K, committed 123292K, reserved 1157120K
  class space    used 15029K, capacity 15751K, committed 15872K, reserved 1048576K
}
Event: 2744.390 GC heap after
{Heap after GC invocations=34 (full 0):
 garbage-first heap   total 405504K, used 231494K [0x0000000600000000, 0x0000000800000000)
  region size 4096K, 2 young (8192K), 2 survivors (8192K)
 Metaspace       used 120723K, capacity 123067K, committed 123292K, reserved 1157120K
  class space    used 15029K, capacity 15751K, committed 15872K, reserved 1048576K
}
Event: 5119.634 GC heap before
{Heap before GC invocations=35 (full 0):
 garbage-first heap   total 405504K, used 329798K [0x0000000600000000, 0x0000000800000000)
  region size 4096K, 27 young (110592K), 2 survivors (8192K)
 Metaspace       used 121274K, capacity 123760K, committed 123804K, reserved 1157120K
  class space    used 15075K, capacity 15862K, committed 15872K, reserved 1048576K
}
Event: 5119.644 GC heap after
{Heap after GC invocations=36 (full 0):
 garbage-first heap   total 405504K, used 236999K [0x0000000600000000, 0x0000000800000000)
  region size 4096K, 4 young (16384K), 4 survivors (16384K)
 Metaspace       used 121274K, capacity 123760K, committed 123804K, reserved 1157120K
  class space    used 15075K, capacity 15862K, committed 15872K, reserved 1048576K
}
Event: 6254.369 GC heap before
{Heap before GC invocations=36 (full 0):
 garbage-first heap   total 405504K, used 335303K [0x0000000600000000, 0x0000000800000000)
  region size 4096K, 28 young (114688K), 4 survivors (16384K)
 Metaspace       used 121529K, capacity 124152K, committed 124444K, reserved 1157120K
  class space    used 15083K, capacity 15877K, committed 16000K, reserved 1048576K
}
Event: 6254.383 GC heap after
{Heap after GC invocations=37 (full 0):
 garbage-first heap   total 405504K, used 241121K [0x0000000600000000, 0x0000000800000000)
  region size 4096K, 3 young (12288K), 3 survivors (12288K)
 Metaspace       used 121529K, capacity 124152K, committed 124444K, reserved 1157120K
  class space    used 15083K, capacity 15877K, committed 16000K, reserved 1048576K
}
Event: 7314.956 GC heap before
{Heap before GC invocations=38 (full 0):
 garbage-first heap   total 417792K, used 339425K [0x0000000600000000, 0x0000000800000000)
  region size 4096K, 27 young (110592K), 3 survivors (12288K)
 Metaspace       used 123170K, capacity 125637K, committed 125852K, reserved 1159168K
  class space    used 15264K, capacity 16024K, committed 16128K, reserved 1048576K
}
Event: 7314.978 GC heap after
{Heap after GC invocations=39 (full 0):
 garbage-first heap   total 417792K, used 250257K [0x0000000600000000, 0x0000000800000000)
  region size 4096K, 4 young (16384K), 4 survivors (16384K)
 Metaspace       used 123170K, capacity 125637K, committed 125852K, reserved 1159168K
  class space    used 15264K, capacity 16024K, committed 16128K, reserved 1048576K
}
Event: 7316.097 GC heap before
{Heap before GC invocations=39 (full 0):
 garbage-first heap   total 417792K, used 336273K [0x0000000600000000, 0x0000000800000000)
  region size 4096K, 26 young (106496K), 4 survivors (16384K)
 Metaspace       used 125547K, capacity 128068K, committed 128156K, reserved 1161216K
  class space    used 15600K, capacity 16356K, committed 16384K, reserved 1048576K
}
Event: 7316.122 GC heap after
{Heap after GC invocations=40 (full 0):
 garbage-first heap   total 417792K, used 266101K [0x0000000600000000, 0x0000000800000000)
  region size 4096K, 4 young (16384K), 4 survivors (16384K)
 Metaspace       used 125547K, capacity 128068K, committed 128156K, reserved 1161216K
  class space    used 15600K, capacity 16356K, committed 16384K, reserved 1048576K
}
Event: 7317.590 GC heap before
{Heap before GC invocations=41 (full 0):
 garbage-first heap   total 471040K, used 335733K [0x0000000600000000, 0x0000000800000000)
  region size 4096K, 22 young (90112K), 4 survivors (16384K)
 Metaspace       used 126795K, capacity 129202K, committed 129564K, reserved 1163264K
  class space    used 15686K, capacity 16411K, committed 16512K, reserved 1048576K
}
Event: 7317.626 GC heap after
{Heap after GC invocations=42 (full 0):
 garbage-first heap   total 471040K, used 298272K [0x0000000600000000, 0x0000000800000000)
  region size 4096K, 3 young (12288K), 3 survivors (12288K)
 Metaspace       used 126795K, capacity 129202K, committed 129564K, reserved 1163264K
  class space    used 15686K, capacity 16411K, committed 16512K, reserved 1048576K
}
Event: 7317.734 GC heap before
{Heap before GC invocations=42 (full 0):
 garbage-first heap   total 471040K, used 306464K [0x0000000600000000, 0x0000000800000000)
  region size 4096K, 5 young (20480K), 3 survivors (12288K)
 Metaspace       used 127012K, capacity 129497K, committed 129564K, reserved 1163264K
  class space    used 15712K, capacity 16486K, committed 16512K, reserved 1048576K
}
Event: 7317.767 GC heap after
{Heap after GC invocations=43 (full 0):
 garbage-first heap   total 471040K, used 282529K [0x0000000600000000, 0x0000000800000000)
  region size 4096K, 1 young (4096K), 1 survivors (4096K)
 Metaspace       used 127012K, capacity 129497K, committed 129564K, reserved 1163264K
  class space    used 15712K, capacity 16486K, committed 16512K, reserved 1048576K
}
Event: 7318.709 GC heap before
{Heap before GC invocations=43 (full 0):
 garbage-first heap   total 471040K, used 360353K [0x0000000600000000, 0x0000000800000000)
  region size 4096K, 21 young (86016K), 1 survivors (4096K)
 Metaspace       used 131376K, capacity 133848K, committed 134172K, reserved 1167360K
  class space    used 16176K, capacity 16932K, committed 17024K, reserved 1048576K
}
Event: 7318.721 GC heap after
{Heap after GC invocations=44 (full 0):
 garbage-first heap   total 471040K, used 293318K [0x0000000600000000, 0x0000000800000000)
  region size 4096K, 3 young (12288K), 3 survivors (12288K)
 Metaspace       used 131376K, capacity 133848K, committed 134172K, reserved 1167360K
  class space    used 16176K, capacity 16932K, committed 17024K, reserved 1048576K
}

Deoptimization events (20 events):
Event: 7318.888 Thread 0x00000211b7c9c5f0 DEOPT PACKING pc=0x0000021199d0227c sp=0x000000d5f5ffd060
Event: 7318.888 Thread 0x00000211b7c9c5f0 DEOPT UNPACKING pc=0x0000021191a3e42f sp=0x000000d5f5ffd008 mode 2
Event: 7318.936 Thread 0x00000211b7c99f70 DEOPT PACKING pc=0x0000021192e06904 sp=0x000000d5f63fd780
Event: 7318.936 Thread 0x00000211b7c99f70 DEOPT UNPACKING pc=0x0000021191a3e23f sp=0x000000d5f63fcc20 mode 0
Event: 7318.938 Thread 0x00000211b7c97420 Uncommon trap: trap_request=0xffffff45 fr.pc=0x0000021199665778 relative=0x0000000000000078
Event: 7318.938 Thread 0x00000211b7c97420 Uncommon trap: reason=unstable_if action=reinterpret pc=0x0000021199665778 method=com.sun.org.apache.xerces.internal.impl.XMLEntityScanner.checkBeforeLoad(Lcom/sun/xml/internal/stream/Entity$ScannedEntity;II)I @ 18 c2
Event: 7318.938 Thread 0x00000211b7c97420 DEOPT PACKING pc=0x0000021199665778 sp=0x000000d5efafd7a0
Event: 7318.938 Thread 0x00000211b7c97420 DEOPT UNPACKING pc=0x0000021191a3e42f sp=0x000000d5efafd710 mode 2
Event: 7318.938 Thread 0x00000211b7c97420 DEOPT PACKING pc=0x0000021192e067d2 sp=0x000000d5efafd6b0
Event: 7318.938 Thread 0x00000211b7c97420 DEOPT UNPACKING pc=0x0000021191a3e23f sp=0x000000d5efafcb50 mode 0
Event: 7318.939 Thread 0x00000211b7c9d460 DEOPT PACKING pc=0x0000021192e06904 sp=0x000000d5f62fd2b0
Event: 7318.939 Thread 0x00000211b7c9d460 DEOPT UNPACKING pc=0x0000021191a3e23f sp=0x000000d5f62fc750 mode 0
Event: 7318.945 Thread 0x00000211b7c97420 DEOPT PACKING pc=0x0000021192e067d2 sp=0x000000d5efafd4b0
Event: 7318.945 Thread 0x00000211b7c97420 DEOPT UNPACKING pc=0x0000021191a3e23f sp=0x000000d5efafc950 mode 0
Event: 7318.951 Thread 0x00000211b7c99f70 DEOPT PACKING pc=0x0000021192e06904 sp=0x000000d5f63fd780
Event: 7318.951 Thread 0x00000211b7c99f70 DEOPT UNPACKING pc=0x0000021191a3e23f sp=0x000000d5f63fcc20 mode 0
Event: 7318.952 Thread 0x00000211b7c97420 DEOPT PACKING pc=0x0000021192e067d2 sp=0x000000d5efafd220
Event: 7318.952 Thread 0x00000211b7c97420 DEOPT UNPACKING pc=0x0000021191a3e23f sp=0x000000d5efafc6c0 mode 0
Event: 7318.958 Thread 0x00000211b7c97420 DEOPT PACKING pc=0x0000021192e067d2 sp=0x000000d5efafd220
Event: 7318.958 Thread 0x00000211b7c97420 DEOPT UNPACKING pc=0x0000021191a3e23f sp=0x000000d5efafc6c0 mode 0

Classes unloaded (20 events):
Event: 6254.469 Thread 0x00000211b6796a20 Unloading class 0x0000000801a70810 '_BuildScript_$_run_closure1$_closure6'
Event: 6254.469 Thread 0x00000211b6796a20 Unloading class 0x0000000801a70428 '_BuildScript_$_run_closure1$_closure5'
Event: 6254.469 Thread 0x00000211b6796a20 Unloading class 0x0000000801a70040 '_BuildScript_$_run_closure1$_closure4$_closure8'
Event: 6254.469 Thread 0x00000211b6796a20 Unloading class 0x0000000801a6c040 '_BuildScript_$_run_closure1$_closure4'
Event: 6254.469 Thread 0x00000211b6796a20 Unloading class 0x0000000801a6b840 '_BuildScript_$_run_closure1$_closure3'
Event: 6254.469 Thread 0x00000211b6796a20 Unloading class 0x0000000801a6b040 '_BuildScript_$_run_closure1'
Event: 6254.469 Thread 0x00000211b6796a20 Unloading class 0x0000000801a6a840 '_BuildScript_'
Event: 6254.469 Thread 0x00000211b6796a20 Unloading class 0x0000000801a68040 '_BuildScript_$_run_closure1'
Event: 6254.469 Thread 0x00000211b6796a20 Unloading class 0x0000000801a67840 '_BuildScript_'
Event: 7316.273 Thread 0x00000211b6796a20 Unloading class 0x0000000801ac0fe0 '_BuildScript_$_run_closure2'
Event: 7316.273 Thread 0x00000211b6796a20 Unloading class 0x0000000801ac0bf8 '_BuildScript_$_run_closure1$_closure7'
Event: 7316.273 Thread 0x00000211b6796a20 Unloading class 0x0000000801ac0810 '_BuildScript_$_run_closure1$_closure6'
Event: 7316.273 Thread 0x00000211b6796a20 Unloading class 0x0000000801ac0428 '_BuildScript_$_run_closure1$_closure5'
Event: 7316.273 Thread 0x00000211b6796a20 Unloading class 0x0000000801ac0040 '_BuildScript_$_run_closure1$_closure4$_closure8'
Event: 7316.273 Thread 0x00000211b6796a20 Unloading class 0x0000000801ab9840 '_BuildScript_$_run_closure1$_closure4'
Event: 7316.273 Thread 0x00000211b6796a20 Unloading class 0x0000000801ab9040 '_BuildScript_$_run_closure1$_closure3'
Event: 7316.273 Thread 0x00000211b6796a20 Unloading class 0x0000000801ab8840 '_BuildScript_$_run_closure1'
Event: 7316.273 Thread 0x00000211b6796a20 Unloading class 0x0000000801ab8040 '_BuildScript_'
Event: 7316.273 Thread 0x00000211b6796a20 Unloading class 0x0000000801aab040 '_BuildScript_$_run_closure1'
Event: 7316.273 Thread 0x00000211b6796a20 Unloading class 0x0000000801aab840 '_BuildScript_'

Classes redefined (0 events):
No events

Internal exceptions (20 events):
Event: 7315.185 Thread 0x00000211c2aa1c40 Exception <a 'sun/nio/fs/WindowsException'{0x0000000617a88cc8}> (0x0000000617a88cc8) 
thrown [./open/src/hotspot/share/prims/jni.cpp, line 578]
Event: 7315.235 Thread 0x00000211b9ba5b00 Implicit null exception at 0x0000021199516d5d to 0x0000021199516f10
Event: 7315.261 Thread 0x00000211c2aa5fa0 Exception <a 'java/lang/NoSuchMethodError'{0x00000006175a2d28}: static Lorg/gradle/internal/build/event/types/DefaultTaskSkippedResult;.<clinit>()V> (0x00000006175a2d28) 
thrown [./open/src/hotspot/share/prims/jni.cpp, line 1204]
Event: 7315.272 Thread 0x00000211b9df5a20 Exception <a 'java/lang/NoSuchMethodError'{0x0000000617603370}: 'int java.lang.invoke.DirectMethodHandle$Holder.invokeSpecial(java.lang.Object, java.lang.Object, java.lang.Object, java.lang.Object, java.lang.Object)'> (0x0000000617603370) 
thrown [./open/src/hotspot/share/interpreter/linkResolver.cpp, line 782]
Event: 7315.277 Thread 0x00000211bbad9b20 Exception <a 'java/lang/NoSuchMethodError'{0x0000000617643110}: static Lcom/android/ide/common/attribution/AndroidGradlePluginAttributionData$BuildInfo;.<clinit>()V> (0x0000000617643110) 
thrown [./open/src/hotspot/share/prims/jni.cpp, line 1204]
Event: 7315.279 Thread 0x00000211bbad9b20 Exception <a 'java/lang/NoSuchMethodError'{0x000000061765d490}: static Lcom/android/ide/common/attribution/AndroidGradlePluginAttributionData$JavaInfo;.<clinit>()V> (0x000000061765d490) 
thrown [./open/src/hotspot/share/prims/jni.cpp, line 1204]
Event: 7315.281 Thread 0x00000211bbad9b20 Exception <a 'java/lang/NoSuchMethodError'{0x00000006176a79f0}: static [Ljava/lang/String;.<clinit>()V> (0x00000006176a79f0) 
thrown [./open/src/hotspot/share/prims/jni.cpp, line 1204]
Event: 7315.559 Thread 0x00000211ba853b90 Implicit null exception at 0x0000021199e207da to 0x0000021199e20858
Event: 7315.784 Thread 0x00000211b9df5a20 Exception <a 'java/lang/NoSuchMethodError'{0x0000000614cbd468}: 'void java.lang.invoke.DirectMethodHandle$Holder.invokeInterface(java.lang.Object, java.lang.Object, java.lang.Object, java.lang.Object)'> (0x0000000614cbd468) 
thrown [./open/src/hotspot/share/interpreter/linkResolver.cpp, line 782]
Event: 7317.712 Thread 0x00000211b9df5a20 Implicit null exception at 0x000002119a18ae7a to 0x000002119a18b893
Event: 7318.361 Thread 0x00000211b9df5a20 Exception <a 'java/lang/NoSuchMethodError'{0x000000061a58fa90}: 'java.lang.Object java.lang.invoke.Invokers$Holder.invoke_MT(java.lang.Object, java.lang.Object, java.lang.Object)'> (0x000000061a58fa90) 
thrown [./open/src/hotspot/share/interpreter/linkResolver.cpp, line 782]
Event: 7318.460 Thread 0x00000211b9df5a20 Exception <a 'java/lang/ClassNotFoundException'{0x000000061a33e900}: sun/misc/SharedSecrets> (0x000000061a33e900) 
thrown [./open/src/hotspot/share/classfile/systemDictionary.cpp, line 295]
Event: 7318.493 Thread 0x00000211b9df5a20 Exception <a 'java/lang/NoSuchMethodError'{0x0000000619d51c58}: static Lcom/android/ide/common/resources/CompileResourceRequest;.<clinit>()V> (0x0000000619d51c58) 
thrown [./open/src/hotspot/share/prims/jni.cpp, line 1204]
Event: 7318.494 Thread 0x00000211b9df5a20 Exception <a 'java/lang/NoSuchMethodError'{0x0000000619d685d8}: static Ljava/lang/Object;.<clinit>()V> (0x0000000619d685d8) 
thrown [./open/src/hotspot/share/prims/jni.cpp, line 1204]
Event: 7318.494 Thread 0x00000211b9df5a20 Exception <a 'java/lang/NoSuchMethodError'{0x0000000619d79db0}: static Ljava/lang/Object;.<clinit>()V> (0x0000000619d79db0) 
thrown [./open/src/hotspot/share/prims/jni.cpp, line 1204]
Event: 7318.495 Thread 0x00000211b9df5a20 Exception <a 'java/lang/NoSuchMethodError'{0x0000000619d8b3d8}: static Ljava/lang/Object;.<clinit>()V> (0x0000000619d8b3d8) 
thrown [./open/src/hotspot/share/prims/jni.cpp, line 1204]
Event: 7318.504 Thread 0x00000211b9df5a20 Exception <a 'java/lang/NoSuchMethodError'{0x0000000619f745c8}: static Lkotlin/InitializedLazyImpl;.<clinit>()V> (0x0000000619f745c8) 
thrown [./open/src/hotspot/share/prims/jni.cpp, line 1204]
Event: 7318.511 Thread 0x00000211b9df5a20 Exception <a 'java/lang/NoSuchMethodError'{0x000000061991c948}: static [Ljava/lang/Object;.<clinit>()V> (0x000000061991c948) 
thrown [./open/src/hotspot/share/prims/jni.cpp, line 1204]
Event: 7318.595 Thread 0x00000211b9df5a20 Exception <a 'java/lang/reflect/InvocationTargetException'{0x00000006180a2460}> (0x00000006180a2460) 
thrown [./open/src/hotspot/share/runtime/reflection.cpp, line 1157]
Event: 7318.752 Thread 0x00000211b9ba5b00 Exception <a 'java/lang/reflect/InvocationTargetException'{0x000000061c820278}> (0x000000061c820278) 
thrown [./open/src/hotspot/share/runtime/reflection.cpp, line 1157]

Events (20 events):
Event: 7318.579 loading class java/util/Spliterators$2Adapter
Event: 7318.579 loading class java/util/PrimitiveIterator$OfInt
Event: 7318.580 loading class java/util/PrimitiveIterator
Event: 7318.580 loading class java/util/PrimitiveIterator done
Event: 7318.580 loading class java/util/PrimitiveIterator$OfInt done
Event: 7318.580 loading class java/util/Spliterators$2Adapter done
Event: 7318.583 Executing VM operation: ICBufferFull
Event: 7318.584 Thread 0x00000211c10207c0 Thread added: 0x00000211c10207c0
Event: 7318.586 Executing VM operation: ICBufferFull done
Event: 7318.586 Executing VM operation: HandshakeAllThreads
Event: 7318.586 Executing VM operation: HandshakeAllThreads done
Event: 7318.667 Executing VM operation: ICBufferFull
Event: 7318.667 Executing VM operation: ICBufferFull done
Event: 7318.667 Executing VM operation: HandshakeAllThreads
Event: 7318.668 Executing VM operation: HandshakeAllThreads done
Event: 7318.709 Executing VM operation: G1CollectForAllocation
Event: 7318.745 Executing VM operation: G1CollectForAllocation done
Event: 7318.745 Executing VM operation: HandshakeAllThreads
Event: 7318.748 Executing VM operation: HandshakeAllThreads done
Event: 7318.958 Executing VM operation: G1Concurrent


Dynamic libraries:
0x00007ff7adad0000 - 0x00007ff7adadf000 	C:\Program Files\Java\jdk-15\bin\java.exe
0x00007ffd6a410000 - 0x00007ffd6a624000 	C:\WINDOWS\SYSTEM32\ntdll.dll
0x00007ffd6a040000 - 0x00007ffd6a102000 	C:\WINDOWS\System32\KERNEL32.DLL
0x00007ffd67c70000 - 0x00007ffd68013000 	C:\WINDOWS\System32\KERNELBASE.dll
0x00007ffd678c0000 - 0x00007ffd679d1000 	C:\WINDOWS\System32\ucrtbase.dll
0x00007ffd59ec0000 - 0x00007ffd59ed8000 	C:\Program Files\Java\jdk-15\bin\jli.dll
0x00007ffd697a0000 - 0x00007ffd6984e000 	C:\WINDOWS\System32\ADVAPI32.dll
0x00007ffd682c0000 - 0x00007ffd68367000 	C:\WINDOWS\System32\msvcrt.dll
0x00007ffd69e70000 - 0x00007ffd69f14000 	C:\WINDOWS\System32\sechost.dll
0x00007ffd69f20000 - 0x00007ffd6a037000 	C:\WINDOWS\System32\RPCRT4.dll
0x00007ffd69bd0000 - 0x00007ffd69d7b000 	C:\WINDOWS\System32\USER32.dll
0x00007ffd67810000 - 0x00007ffd67836000 	C:\WINDOWS\System32\win32u.dll
0x00007ffd69e10000 - 0x00007ffd69e39000 	C:\WINDOWS\System32\GDI32.dll
0x00007ffd67b50000 - 0x00007ffd67c69000 	C:\WINDOWS\System32\gdi32full.dll
0x00007ffd68090000 - 0x00007ffd6812a000 	C:\WINDOWS\System32\msvcp_win.dll
0x00007ffd51a10000 - 0x00007ffd51a29000 	C:\Program Files\Java\jdk-15\bin\VCRUNTIME140.dll
0x00007ffd535e0000 - 0x00007ffd5386e000 	C:\WINDOWS\WinSxS\amd64_microsoft.windows.common-controls_6595b64144ccf1df_6.0.22621.1635_none_270f70857386168e\COMCTL32.dll
0x00007ffd60270000 - 0x00007ffd6027a000 	C:\WINDOWS\SYSTEM32\VERSION.dll
0x00007ffd69850000 - 0x00007ffd69881000 	C:\WINDOWS\System32\IMM32.DLL
0x00007ffd62fe0000 - 0x00007ffd62fec000 	C:\Program Files\Java\jdk-15\bin\vcruntime140_1.dll
0x00007ffd4d970000 - 0x00007ffd4da01000 	C:\Program Files\Java\jdk-15\bin\msvcp140.dll
0x00007ffd01dd0000 - 0x00007ffd0292c000 	C:\Program Files\Java\jdk-15\bin\server\jvm.dll
0x00007ffd681f0000 - 0x00007ffd681f8000 	C:\WINDOWS\System32\PSAPI.DLL
0x00007ffd5f520000 - 0x00007ffd5f554000 	C:\WINDOWS\SYSTEM32\WINMM.dll
0x00007ffd50350000 - 0x00007ffd50359000 	C:\WINDOWS\SYSTEM32\WSOCK32.dll
0x00007ffd69890000 - 0x00007ffd69901000 	C:\WINDOWS\System32\WS2_32.dll
0x00007ffd66860000 - 0x00007ffd66878000 	C:\WINDOWS\SYSTEM32\kernel.appcore.dll
0x00007ffd60660000 - 0x00007ffd6066a000 	C:\Program Files\Java\jdk-15\bin\jimage.dll
0x00007ffd5d420000 - 0x00007ffd5d64e000 	C:\WINDOWS\SYSTEM32\DBGHELP.DLL
0x00007ffd69270000 - 0x00007ffd695f9000 	C:\WINDOWS\System32\combase.dll
0x00007ffd69190000 - 0x00007ffd69267000 	C:\WINDOWS\System32\OLEAUT32.dll
0x00007ffd4a100000 - 0x00007ffd4a132000 	C:\WINDOWS\SYSTEM32\dbgcore.DLL
0x00007ffd67840000 - 0x00007ffd678bb000 	C:\WINDOWS\System32\bcryptPrimitives.dll
0x00007ffd4f6a0000 - 0x00007ffd4f6c5000 	C:\Program Files\Java\jdk-15\bin\java.dll
0x00007ffd68370000 - 0x00007ffd68b6a000 	C:\WINDOWS\System32\SHELL32.dll
0x00007ffd65810000 - 0x00007ffd660de000 	C:\WINDOWS\SYSTEM32\windows.storage.dll
0x00007ffd656d0000 - 0x00007ffd6580e000 	C:\WINDOWS\SYSTEM32\wintypes.dll
0x00007ffd6a2b0000 - 0x00007ffd6a3a1000 	C:\WINDOWS\System32\SHCORE.dll
0x00007ffd68260000 - 0x00007ffd682be000 	C:\WINDOWS\System32\shlwapi.dll
0x00007ffd67740000 - 0x00007ffd67761000 	C:\WINDOWS\SYSTEM32\profapi.dll
0x00007ffd4f1a0000 - 0x00007ffd4f1b9000 	C:\Program Files\Java\jdk-15\bin\net.dll
0x00007ffd5fb80000 - 0x00007ffd5fcb7000 	C:\WINDOWS\SYSTEM32\WINHTTP.dll
0x00007ffd66d40000 - 0x00007ffd66da9000 	C:\WINDOWS\system32\mswsock.dll
0x00007ffd4f010000 - 0x00007ffd4f022000 	C:\Program Files\Java\jdk-15\bin\nio.dll
0x00007ffd4e880000 - 0x00007ffd4e898000 	C:\Program Files\Java\jdk-15\bin\zip.dll
0x00007ffd601b0000 - 0x00007ffd601c0000 	C:\Program Files\Java\jdk-15\bin\verify.dll
0x00007ffd601c0000 - 0x00007ffd601e7000 	C:\Users\Asus\.gradle\native\e1d6ef7f7dcc3fd88c89a11ec53ec762bb8ba0a96d01ffa2cd45eb1d1d8dd5c5\windows-amd64\native-platform.dll
0x00007ffd4ce70000 - 0x00007ffd4cfb4000 	C:\Users\Asus\.gradle\native\0d407fdbe67a94daf76414ababcb853783967236a71b16ec16e742cd7a986fd3\windows-amd64\native-platform-file-events.dll
0x00007ffd60070000 - 0x00007ffd60079000 	C:\Program Files\Java\jdk-15\bin\management.dll
0x00007ffd5ffc0000 - 0x00007ffd5ffcb000 	C:\Program Files\Java\jdk-15\bin\management_ext.dll
0x00007ffd66fb0000 - 0x00007ffd66fcb000 	C:\WINDOWS\SYSTEM32\CRYPTSP.dll
0x00007ffd667d0000 - 0x00007ffd66805000 	C:\WINDOWS\system32\rsaenh.dll
0x00007ffd66e40000 - 0x00007ffd66e68000 	C:\WINDOWS\SYSTEM32\USERENV.dll
0x00007ffd671c0000 - 0x00007ffd671e8000 	C:\WINDOWS\SYSTEM32\bcrypt.dll
0x00007ffd66fd0000 - 0x00007ffd66fdc000 	C:\WINDOWS\SYSTEM32\CRYPTBASE.dll
0x00007ffd66340000 - 0x00007ffd6636d000 	C:\WINDOWS\SYSTEM32\IPHLPAPI.DLL
0x00007ffd69730000 - 0x00007ffd69739000 	C:\WINDOWS\System32\NSI.dll
0x00007ffd60200000 - 0x00007ffd60219000 	C:\WINDOWS\SYSTEM32\dhcpcsvc6.DLL
0x00007ffd5f8c0000 - 0x00007ffd5f8df000 	C:\WINDOWS\SYSTEM32\dhcpcsvc.DLL
0x00007ffd663b0000 - 0x00007ffd664a3000 	C:\WINDOWS\SYSTEM32\DNSAPI.dll
0x00007ffd5f6a0000 - 0x00007ffd5f6ad000 	C:\Program Files\Java\jdk-15\bin\sunmscapi.dll
0x00007ffd679e0000 - 0x00007ffd67b47000 	C:\WINDOWS\System32\CRYPT32.dll
0x00007ffd67190000 - 0x00007ffd671be000 	C:\WINDOWS\SYSTEM32\ncrypt.dll
0x00007ffd67150000 - 0x00007ffd67187000 	C:\WINDOWS\SYSTEM32\NTASN1.dll
0x00007ffd5d3a0000 - 0x00007ffd5d3aa000 	C:\Windows\System32\rasadhlp.dll
0x00007ffd5e0c0000 - 0x00007ffd5e144000 	C:\WINDOWS\System32\fwpuclnt.dll
0x00007ffd3d670000 - 0x00007ffd3d687000 	C:\WINDOWS\system32\napinsp.dll
0x00007ffd371e0000 - 0x00007ffd371fb000 	C:\WINDOWS\system32\pnrpnsp.dll
0x00007ffd371c0000 - 0x00007ffd371d1000 	C:\WINDOWS\System32\winrnr.dll
0x00007ffd5f4e0000 - 0x00007ffd5f4f5000 	C:\WINDOWS\system32\wshbth.dll
0x00007ffd37190000 - 0x00007ffd371b1000 	C:\WINDOWS\system32\nlansp_c.dll
0x00007ffd66880000 - 0x00007ffd668b4000 	C:\WINDOWS\SYSTEM32\ntmarta.dll

dbghelp: loaded successfully - version: 4.0.5 - missing functions: none
symbol engine: initialized successfully - sym options: 0x614 - pdb path: .;C:\Program Files\Java\jdk-15\bin;C:\WINDOWS\SYSTEM32;C:\WINDOWS\WinSxS\amd64_microsoft.windows.common-controls_6595b64144ccf1df_6.0.22621.1635_none_270f70857386168e;C:\Program Files\Java\jdk-15\bin\server;C:\Users\Asus\.gradle\native\e1d6ef7f7dcc3fd88c89a11ec53ec762bb8ba0a96d01ffa2cd45eb1d1d8dd5c5\windows-amd64;C:\Users\Asus\.gradle\native\0d407fdbe67a94daf76414ababcb853783967236a71b16ec16e742cd7a986fd3\windows-amd64

VM Arguments:
jvm_args: --add-opens=java.base/java.util=ALL-UNNAMED --add-opens=java.base/java.lang=ALL-UNNAMED --add-opens=java.base/java.lang.invoke=ALL-UNNAMED --add-opens=java.base/java.util=ALL-UNNAMED --add-opens=java.prefs/java.util.prefs=ALL-UNNAMED --add-opens=java.prefs/java.util.prefs=ALL-UNNAMED --add-opens=java.base/java.nio.charset=ALL-UNNAMED --add-opens=java.base/java.net=ALL-UNNAMED --add-opens=java.base/java.util.concurrent.atomic=ALL-UNNAMED -Xmx2048m -Dfile.encoding=UTF-8 -Duser.country=RU -Duser.language=ru -Duser.variant -Xmx8G 
java_command: org.gradle.launcher.daemon.bootstrap.GradleDaemon 7.5
java_class_path (initial): C:\Users\Asus\.gradle\wrapper\dists\gradle-7.5-bin\f1w0cc9nuo0eivz97x2xlu9sv\gradle-7.5\lib\gradle-launcher-7.5.jar
Launcher Type: SUN_STANDARD

[Global flags]
     intx CICompilerCount                          = 4                                         {product} {ergonomic}
     uint ConcGCThreads                            = 2                                         {product} {ergonomic}
     uint G1ConcRefinementThreads                  = 8                                         {product} {ergonomic}
   size_t G1HeapRegionSize                         = 4194304                                   {product} {ergonomic}
    uintx GCDrainStackTargetSize                   = 64                                        {product} {ergonomic}
   size_t InitialHeapSize                          = 260046848                                 {product} {ergonomic}
   size_t MarkStackSize                            = 4194304                                   {product} {ergonomic}
   size_t MaxHeapSize                              = 8589934592                                {product} {command line}
   size_t MaxNewSize                               = 5150605312                                {product} {ergonomic}
   size_t MinHeapDeltaBytes                        = 4194304                                   {product} {ergonomic}
   size_t MinHeapSize                              = 8388608                                   {product} {ergonomic}
    uintx NonNMethodCodeHeapSize                   = 5839372                                {pd product} {ergonomic}
    uintx NonProfiledCodeHeapSize                  = 122909434                              {pd product} {ergonomic}
    uintx ProfiledCodeHeapSize                     = 122909434                              {pd product} {ergonomic}
    uintx ReservedCodeCacheSize                    = 251658240                              {pd product} {ergonomic}
     bool SegmentedCodeCache                       = true                                      {product} {ergonomic}
   size_t SoftMaxHeapSize                          = 8589934592                             {manageable} {ergonomic}
     bool UseCompressedClassPointers               = true                                 {lp64_product} {ergonomic}
     bool UseCompressedOops                        = true                                 {lp64_product} {ergonomic}
     bool UseG1GC                                  = true                                      {product} {ergonomic}
     bool UseLargePagesIndividualAllocation        = false                                  {pd product} {ergonomic}

Logging:
Log output configuration:
 #0: stdout all=warning uptime,level,tags
 #1: stderr all=off uptime,level,tags

Environment Variables:
_JAVA_OPTIONS=-Xmx8G
PATH=C:\Program Files (x86)\Embarcadero\Studio\22.0\bin;C:\Users\Public\Documents\Embarcadero\Studio\22.0\Bpl;C:\Program Files (x86)\Embarcadero\Studio\22.0\bin64;C:\Users\Public\Documents\Embarcadero\Studio\22.0\Bpl\Win64;C:\Program Files\Common Files\Oracle\Java\javapath;C:\ProgramData\Oracle\Java\javapath;C:\Windows\system32;C:\Windows;C:\Windows\System32\Wbem;C:\Windows\System32\WindowsPowerShell\v1.0\;C:\Windows\System32\OpenSSH\;C:\Program Files\NVIDIA Corporation\NVIDIA NvDLISR;C:\WINDOWS\system32;C:\WINDOWS;C:\WINDOWS\System32\Wbem;C:\WINDOWS\System32\WindowsPowerShell\v1.0\;C:\WINDOWS\System32\OpenSSH\;C:\Program Files\dotnet\;C:\Program Files\Microsoft SQL Server\120\Tools\Binn\;C:\Program Files (x86)\NVIDIA Corporation\PhysX\Common;C:\WINDOWS\system32;C:\WINDOWS;C:\WINDOWS\System32\Wbem;C:\WINDOWS\System32\WindowsPowerShell\v1.0\;C:\WINDOWS\System32\OpenSSH\;C:\Gradle\gradle-7.6\bin;C:\Program Files\Git\cmd;C:\Program Files (x86)\Microsoft SQL Server\160\Tools\Binn\;C:\Program Files\Microsoft SQL Server\160\Tools\Binn\;C:\Program Files\Microsoft SQL Server\Client SDK\ODBC\170\Tools\Binn\;C:\Program Files\Microsoft SQL Server\160\DTS\Binn\;C:\Program Files (x86)\Microsoft SQL Server\160\DTS\Binn\;C:\Program Files\Azure Data Studio\bin;C:\Program Files\Microsoft SQL Server\130\Tools\Binn\;C:\Users\Asus\AppData\Local\Microsoft\WindowsApps;C:\Users\Asus\AppData\Local\Programs\Microsoft VS Code\bin;D:\Intellij\IntelliJ IDEA Community Edition 2022.1.2\bin;C:\Users\Asus\AppData\Local\GitHubDesktop\bin;C:\Users\Asus\.dotnet\tools;C:\Program Files\Azure Data Studio\bin;C:\Users\Asus\AppData\Local\JetBrains\Toolbox\scripts;
USERNAME=Asus
OS=Windows_NT
PROCESSOR_IDENTIFIER=AMD64 Family 23 Model 24 Stepping 1, AuthenticAMD



---------------  S Y S T E M  ---------------

OS:
 Windows 10 , 64 bit Build 22621 (10.0.22621.1778)
OS uptime: 1 days 2:01 hours

CPU: total 8 (initial active 8) (8 cores per cpu, 2 threads per core) family 23 model 24 stepping 1, cmov, cx8, fxsr, mmx, sse, sse2, sse3, ssse3, sse4.1, sse4.2, popcnt, vzeroupper, avx, avx2, aes, clmul, 3dnowpref, lzcnt, sse4a, ht, tsc, tscinvbit, tscinv, bmi1, bmi2, adx, sha, fma, clflush, clflushopt

Memory: 4k page, system-wide physical 15805M (1993M free)
TotalPageFile size 17853M (AvailPageFile size 36M)
current process WorkingSet (physical memory assigned to process): 772M, peak: 772M
current process commit charge ("private bytes"): 920M, peak: 952M

vm_info: Java HotSpot(TM) 64-Bit Server VM (15+36-1562) for windows-amd64 JRE (15+36-1562), built on Aug 11 2020 22:38:02 by "mach5one" with unknown MS VC++:1925

END.
